ARM GAS  /tmp/ccRSbJt0.s 			page 1


   1              		.cpu cortex-m0
   2              		.arch armv6s-m
   3              		.fpu softvfp
   4              		.eabi_attribute 20, 1
   5              		.eabi_attribute 21, 1
   6              		.eabi_attribute 23, 3
   7              		.eabi_attribute 24, 1
   8              		.eabi_attribute 25, 1
   9              		.eabi_attribute 26, 1
  10              		.eabi_attribute 30, 1
  11              		.eabi_attribute 34, 0
  12              		.eabi_attribute 18, 4
  13              		.file	"stm32f0xx_hal.c"
  14              		.text
  15              	.Ltext0:
  16              		.cfi_sections	.debug_frame
  17              		.file 1 "Drivers/STM32F0xx_HAL_Driver/Src/stm32f0xx_hal.c"
  18              		.section	.text.HAL_MspInit,"ax",%progbits
  19              		.align	1
  20              		.weak	HAL_MspInit
  21              		.syntax unified
  22              		.code	16
  23              		.thumb_func
  25              	HAL_MspInit:
  26              	.LFB42:
   1:Drivers/STM32F0xx_HAL_Driver/Src/stm32f0xx_hal.c **** /**
   2:Drivers/STM32F0xx_HAL_Driver/Src/stm32f0xx_hal.c ****   ******************************************************************************
   3:Drivers/STM32F0xx_HAL_Driver/Src/stm32f0xx_hal.c ****   * @file    stm32f0xx_hal.c
   4:Drivers/STM32F0xx_HAL_Driver/Src/stm32f0xx_hal.c ****   * @author  MCD Application Team
   5:Drivers/STM32F0xx_HAL_Driver/Src/stm32f0xx_hal.c ****   * @brief   HAL module driver.
   6:Drivers/STM32F0xx_HAL_Driver/Src/stm32f0xx_hal.c ****   *          This is the common part of the HAL initialization
   7:Drivers/STM32F0xx_HAL_Driver/Src/stm32f0xx_hal.c ****   *
   8:Drivers/STM32F0xx_HAL_Driver/Src/stm32f0xx_hal.c ****   ******************************************************************************
   9:Drivers/STM32F0xx_HAL_Driver/Src/stm32f0xx_hal.c ****   * @attention
  10:Drivers/STM32F0xx_HAL_Driver/Src/stm32f0xx_hal.c ****   *
  11:Drivers/STM32F0xx_HAL_Driver/Src/stm32f0xx_hal.c ****   * Copyright (c) 2016 STMicroelectronics.
  12:Drivers/STM32F0xx_HAL_Driver/Src/stm32f0xx_hal.c ****   * All rights reserved.
  13:Drivers/STM32F0xx_HAL_Driver/Src/stm32f0xx_hal.c ****   *
  14:Drivers/STM32F0xx_HAL_Driver/Src/stm32f0xx_hal.c ****   * This software is licensed under terms that can be found in the LICENSE file
  15:Drivers/STM32F0xx_HAL_Driver/Src/stm32f0xx_hal.c ****   * in the root directory of this software component.
  16:Drivers/STM32F0xx_HAL_Driver/Src/stm32f0xx_hal.c ****   * If no LICENSE file comes with this software, it is provided AS-IS.
  17:Drivers/STM32F0xx_HAL_Driver/Src/stm32f0xx_hal.c ****   *
  18:Drivers/STM32F0xx_HAL_Driver/Src/stm32f0xx_hal.c ****   ******************************************************************************
  19:Drivers/STM32F0xx_HAL_Driver/Src/stm32f0xx_hal.c ****   @verbatim
  20:Drivers/STM32F0xx_HAL_Driver/Src/stm32f0xx_hal.c ****   ==============================================================================
  21:Drivers/STM32F0xx_HAL_Driver/Src/stm32f0xx_hal.c ****                      ##### How to use this driver #####
  22:Drivers/STM32F0xx_HAL_Driver/Src/stm32f0xx_hal.c ****   ==============================================================================
  23:Drivers/STM32F0xx_HAL_Driver/Src/stm32f0xx_hal.c ****     [..]
  24:Drivers/STM32F0xx_HAL_Driver/Src/stm32f0xx_hal.c ****     The common HAL driver contains a set of generic and common APIs that can be
  25:Drivers/STM32F0xx_HAL_Driver/Src/stm32f0xx_hal.c ****     used by the PPP peripheral drivers and the user to start using the HAL. 
  26:Drivers/STM32F0xx_HAL_Driver/Src/stm32f0xx_hal.c ****     [..]
  27:Drivers/STM32F0xx_HAL_Driver/Src/stm32f0xx_hal.c ****     The HAL contains two APIs categories:
  28:Drivers/STM32F0xx_HAL_Driver/Src/stm32f0xx_hal.c ****          (+) HAL Initialization and de-initialization functions
  29:Drivers/STM32F0xx_HAL_Driver/Src/stm32f0xx_hal.c ****          (+) HAL Control functions
  30:Drivers/STM32F0xx_HAL_Driver/Src/stm32f0xx_hal.c **** 
  31:Drivers/STM32F0xx_HAL_Driver/Src/stm32f0xx_hal.c ****   @endverbatim
  32:Drivers/STM32F0xx_HAL_Driver/Src/stm32f0xx_hal.c ****   ******************************************************************************
ARM GAS  /tmp/ccRSbJt0.s 			page 2


  33:Drivers/STM32F0xx_HAL_Driver/Src/stm32f0xx_hal.c ****   */
  34:Drivers/STM32F0xx_HAL_Driver/Src/stm32f0xx_hal.c **** 
  35:Drivers/STM32F0xx_HAL_Driver/Src/stm32f0xx_hal.c **** /* Includes ------------------------------------------------------------------*/
  36:Drivers/STM32F0xx_HAL_Driver/Src/stm32f0xx_hal.c **** #include "stm32f0xx_hal.h"
  37:Drivers/STM32F0xx_HAL_Driver/Src/stm32f0xx_hal.c **** 
  38:Drivers/STM32F0xx_HAL_Driver/Src/stm32f0xx_hal.c **** /** @addtogroup STM32F0xx_HAL_Driver
  39:Drivers/STM32F0xx_HAL_Driver/Src/stm32f0xx_hal.c ****   * @{
  40:Drivers/STM32F0xx_HAL_Driver/Src/stm32f0xx_hal.c ****   */
  41:Drivers/STM32F0xx_HAL_Driver/Src/stm32f0xx_hal.c **** 
  42:Drivers/STM32F0xx_HAL_Driver/Src/stm32f0xx_hal.c **** /** @defgroup HAL HAL
  43:Drivers/STM32F0xx_HAL_Driver/Src/stm32f0xx_hal.c ****   * @brief HAL module driver.
  44:Drivers/STM32F0xx_HAL_Driver/Src/stm32f0xx_hal.c ****   * @{
  45:Drivers/STM32F0xx_HAL_Driver/Src/stm32f0xx_hal.c ****   */
  46:Drivers/STM32F0xx_HAL_Driver/Src/stm32f0xx_hal.c **** 
  47:Drivers/STM32F0xx_HAL_Driver/Src/stm32f0xx_hal.c **** #ifdef HAL_MODULE_ENABLED
  48:Drivers/STM32F0xx_HAL_Driver/Src/stm32f0xx_hal.c **** 
  49:Drivers/STM32F0xx_HAL_Driver/Src/stm32f0xx_hal.c **** /* Private typedef -----------------------------------------------------------*/
  50:Drivers/STM32F0xx_HAL_Driver/Src/stm32f0xx_hal.c **** /* Private define ------------------------------------------------------------*/
  51:Drivers/STM32F0xx_HAL_Driver/Src/stm32f0xx_hal.c **** /** @defgroup HAL_Private_Constants HAL Private Constants
  52:Drivers/STM32F0xx_HAL_Driver/Src/stm32f0xx_hal.c ****   * @{
  53:Drivers/STM32F0xx_HAL_Driver/Src/stm32f0xx_hal.c ****   */
  54:Drivers/STM32F0xx_HAL_Driver/Src/stm32f0xx_hal.c **** /** 
  55:Drivers/STM32F0xx_HAL_Driver/Src/stm32f0xx_hal.c ****   * @brief STM32F0xx HAL Driver version number
  56:Drivers/STM32F0xx_HAL_Driver/Src/stm32f0xx_hal.c ****   */
  57:Drivers/STM32F0xx_HAL_Driver/Src/stm32f0xx_hal.c **** #define __STM32F0xx_HAL_VERSION_MAIN   (0x01U) /*!< [31:24] main version */
  58:Drivers/STM32F0xx_HAL_Driver/Src/stm32f0xx_hal.c **** #define __STM32F0xx_HAL_VERSION_SUB1   (0x07U) /*!< [23:16] sub1 version */
  59:Drivers/STM32F0xx_HAL_Driver/Src/stm32f0xx_hal.c **** #define __STM32F0xx_HAL_VERSION_SUB2   (0x07U) /*!< [15:8]  sub2 version */
  60:Drivers/STM32F0xx_HAL_Driver/Src/stm32f0xx_hal.c **** #define __STM32F0xx_HAL_VERSION_RC     (0x00U) /*!< [7:0]  release candidate */ 
  61:Drivers/STM32F0xx_HAL_Driver/Src/stm32f0xx_hal.c **** #define __STM32F0xx_HAL_VERSION         ((__STM32F0xx_HAL_VERSION_MAIN << 24U)\
  62:Drivers/STM32F0xx_HAL_Driver/Src/stm32f0xx_hal.c ****                                         |(__STM32F0xx_HAL_VERSION_SUB1 << 16U)\
  63:Drivers/STM32F0xx_HAL_Driver/Src/stm32f0xx_hal.c ****                                         |(__STM32F0xx_HAL_VERSION_SUB2 << 8U )\
  64:Drivers/STM32F0xx_HAL_Driver/Src/stm32f0xx_hal.c ****                                         |(__STM32F0xx_HAL_VERSION_RC))
  65:Drivers/STM32F0xx_HAL_Driver/Src/stm32f0xx_hal.c **** 
  66:Drivers/STM32F0xx_HAL_Driver/Src/stm32f0xx_hal.c **** #define IDCODE_DEVID_MASK    (0x00000FFFU)
  67:Drivers/STM32F0xx_HAL_Driver/Src/stm32f0xx_hal.c **** /**
  68:Drivers/STM32F0xx_HAL_Driver/Src/stm32f0xx_hal.c ****   * @}
  69:Drivers/STM32F0xx_HAL_Driver/Src/stm32f0xx_hal.c ****   */
  70:Drivers/STM32F0xx_HAL_Driver/Src/stm32f0xx_hal.c **** 
  71:Drivers/STM32F0xx_HAL_Driver/Src/stm32f0xx_hal.c **** /* Private macro -------------------------------------------------------------*/
  72:Drivers/STM32F0xx_HAL_Driver/Src/stm32f0xx_hal.c **** /** @defgroup HAL_Private_Macros HAL Private Macros
  73:Drivers/STM32F0xx_HAL_Driver/Src/stm32f0xx_hal.c ****   * @{
  74:Drivers/STM32F0xx_HAL_Driver/Src/stm32f0xx_hal.c ****   */
  75:Drivers/STM32F0xx_HAL_Driver/Src/stm32f0xx_hal.c **** /**
  76:Drivers/STM32F0xx_HAL_Driver/Src/stm32f0xx_hal.c ****   * @}
  77:Drivers/STM32F0xx_HAL_Driver/Src/stm32f0xx_hal.c ****   */
  78:Drivers/STM32F0xx_HAL_Driver/Src/stm32f0xx_hal.c **** 
  79:Drivers/STM32F0xx_HAL_Driver/Src/stm32f0xx_hal.c **** /* Exported variables ---------------------------------------------------------*/
  80:Drivers/STM32F0xx_HAL_Driver/Src/stm32f0xx_hal.c **** /** @defgroup HAL_Private_Variables HAL Exported Variables
  81:Drivers/STM32F0xx_HAL_Driver/Src/stm32f0xx_hal.c ****   * @{
  82:Drivers/STM32F0xx_HAL_Driver/Src/stm32f0xx_hal.c ****   */
  83:Drivers/STM32F0xx_HAL_Driver/Src/stm32f0xx_hal.c **** __IO uint32_t uwTick;
  84:Drivers/STM32F0xx_HAL_Driver/Src/stm32f0xx_hal.c **** uint32_t uwTickPrio   = (1UL << __NVIC_PRIO_BITS); /* Invalid PRIO */
  85:Drivers/STM32F0xx_HAL_Driver/Src/stm32f0xx_hal.c **** HAL_TickFreqTypeDef uwTickFreq = HAL_TICK_FREQ_DEFAULT;  /* 1KHz */
  86:Drivers/STM32F0xx_HAL_Driver/Src/stm32f0xx_hal.c **** /**
  87:Drivers/STM32F0xx_HAL_Driver/Src/stm32f0xx_hal.c ****   * @}
  88:Drivers/STM32F0xx_HAL_Driver/Src/stm32f0xx_hal.c ****   */
  89:Drivers/STM32F0xx_HAL_Driver/Src/stm32f0xx_hal.c **** /* Private function prototypes -----------------------------------------------*/
ARM GAS  /tmp/ccRSbJt0.s 			page 3


  90:Drivers/STM32F0xx_HAL_Driver/Src/stm32f0xx_hal.c **** /* Exported functions ---------------------------------------------------------*/
  91:Drivers/STM32F0xx_HAL_Driver/Src/stm32f0xx_hal.c **** 
  92:Drivers/STM32F0xx_HAL_Driver/Src/stm32f0xx_hal.c **** /** @defgroup HAL_Exported_Functions HAL Exported Functions
  93:Drivers/STM32F0xx_HAL_Driver/Src/stm32f0xx_hal.c ****   * @{
  94:Drivers/STM32F0xx_HAL_Driver/Src/stm32f0xx_hal.c ****   */
  95:Drivers/STM32F0xx_HAL_Driver/Src/stm32f0xx_hal.c **** 
  96:Drivers/STM32F0xx_HAL_Driver/Src/stm32f0xx_hal.c **** /** @defgroup HAL_Exported_Functions_Group1 Initialization and de-initialization Functions 
  97:Drivers/STM32F0xx_HAL_Driver/Src/stm32f0xx_hal.c ****   * @brief    Initialization and de-initialization functions
  98:Drivers/STM32F0xx_HAL_Driver/Src/stm32f0xx_hal.c ****   *
  99:Drivers/STM32F0xx_HAL_Driver/Src/stm32f0xx_hal.c **** @verbatim
 100:Drivers/STM32F0xx_HAL_Driver/Src/stm32f0xx_hal.c ****  ===============================================================================
 101:Drivers/STM32F0xx_HAL_Driver/Src/stm32f0xx_hal.c ****               ##### Initialization and de-initialization functions #####
 102:Drivers/STM32F0xx_HAL_Driver/Src/stm32f0xx_hal.c ****  ===============================================================================
 103:Drivers/STM32F0xx_HAL_Driver/Src/stm32f0xx_hal.c ****    [..]  This section provides functions allowing to:
 104:Drivers/STM32F0xx_HAL_Driver/Src/stm32f0xx_hal.c ****       (+) Initializes the Flash interface, the NVIC allocation and initial clock 
 105:Drivers/STM32F0xx_HAL_Driver/Src/stm32f0xx_hal.c ****           configuration. It initializes the systick also when timeout is needed
 106:Drivers/STM32F0xx_HAL_Driver/Src/stm32f0xx_hal.c ****           and the backup domain when enabled.
 107:Drivers/STM32F0xx_HAL_Driver/Src/stm32f0xx_hal.c ****       (+) de-Initializes common part of the HAL.
 108:Drivers/STM32F0xx_HAL_Driver/Src/stm32f0xx_hal.c ****       (+) Configure The time base source to have 1ms time base with a dedicated
 109:Drivers/STM32F0xx_HAL_Driver/Src/stm32f0xx_hal.c ****           Tick interrupt priority.
 110:Drivers/STM32F0xx_HAL_Driver/Src/stm32f0xx_hal.c ****         (++) SysTick timer is used by default as source of time base, but user
 111:Drivers/STM32F0xx_HAL_Driver/Src/stm32f0xx_hal.c ****              can eventually implement his proper time base source (a general purpose 
 112:Drivers/STM32F0xx_HAL_Driver/Src/stm32f0xx_hal.c ****              timer for example or other time source), keeping in mind that Time base 
 113:Drivers/STM32F0xx_HAL_Driver/Src/stm32f0xx_hal.c ****              duration should be kept 1ms since PPP_TIMEOUT_VALUEs are defined and 
 114:Drivers/STM32F0xx_HAL_Driver/Src/stm32f0xx_hal.c ****              handled in milliseconds basis.
 115:Drivers/STM32F0xx_HAL_Driver/Src/stm32f0xx_hal.c ****         (++) Time base configuration function (HAL_InitTick ()) is called automatically 
 116:Drivers/STM32F0xx_HAL_Driver/Src/stm32f0xx_hal.c ****              at the beginning of the program after reset by HAL_Init() or at any time 
 117:Drivers/STM32F0xx_HAL_Driver/Src/stm32f0xx_hal.c ****              when clock is configured, by HAL_RCC_ClockConfig(). 
 118:Drivers/STM32F0xx_HAL_Driver/Src/stm32f0xx_hal.c ****         (++) Source of time base is configured  to generate interrupts at regular 
 119:Drivers/STM32F0xx_HAL_Driver/Src/stm32f0xx_hal.c ****              time intervals. Care must be taken if HAL_Delay() is called from a 
 120:Drivers/STM32F0xx_HAL_Driver/Src/stm32f0xx_hal.c ****              peripheral ISR process, the Tick interrupt line must have higher priority 
 121:Drivers/STM32F0xx_HAL_Driver/Src/stm32f0xx_hal.c ****             (numerically lower) than the peripheral interrupt. Otherwise the caller 
 122:Drivers/STM32F0xx_HAL_Driver/Src/stm32f0xx_hal.c ****             ISR process will be blocked. 
 123:Drivers/STM32F0xx_HAL_Driver/Src/stm32f0xx_hal.c ****        (++) functions affecting time base configurations are declared as __Weak  
 124:Drivers/STM32F0xx_HAL_Driver/Src/stm32f0xx_hal.c ****              to make  override possible  in case of other  implementations in user file.
 125:Drivers/STM32F0xx_HAL_Driver/Src/stm32f0xx_hal.c ****  
 126:Drivers/STM32F0xx_HAL_Driver/Src/stm32f0xx_hal.c **** @endverbatim
 127:Drivers/STM32F0xx_HAL_Driver/Src/stm32f0xx_hal.c ****   * @{
 128:Drivers/STM32F0xx_HAL_Driver/Src/stm32f0xx_hal.c ****   */
 129:Drivers/STM32F0xx_HAL_Driver/Src/stm32f0xx_hal.c **** 
 130:Drivers/STM32F0xx_HAL_Driver/Src/stm32f0xx_hal.c **** /**
 131:Drivers/STM32F0xx_HAL_Driver/Src/stm32f0xx_hal.c ****   * @brief  This function configures the Flash prefetch,
 132:Drivers/STM32F0xx_HAL_Driver/Src/stm32f0xx_hal.c ****   *        Configures time base source, NVIC and Low level hardware
 133:Drivers/STM32F0xx_HAL_Driver/Src/stm32f0xx_hal.c ****   * @note This function is called at the beginning of program after reset and before 
 134:Drivers/STM32F0xx_HAL_Driver/Src/stm32f0xx_hal.c ****   *       the clock configuration
 135:Drivers/STM32F0xx_HAL_Driver/Src/stm32f0xx_hal.c ****   * @note The time base configuration is based on HSI clock when exiting from Reset.
 136:Drivers/STM32F0xx_HAL_Driver/Src/stm32f0xx_hal.c ****   *       Once done, time base tick start incrementing.
 137:Drivers/STM32F0xx_HAL_Driver/Src/stm32f0xx_hal.c ****   *       In the default implementation,Systick is used as source of time base.
 138:Drivers/STM32F0xx_HAL_Driver/Src/stm32f0xx_hal.c ****   *       The tick variable is incremented each 1ms in its ISR.
 139:Drivers/STM32F0xx_HAL_Driver/Src/stm32f0xx_hal.c ****   * @retval HAL status
 140:Drivers/STM32F0xx_HAL_Driver/Src/stm32f0xx_hal.c ****   */
 141:Drivers/STM32F0xx_HAL_Driver/Src/stm32f0xx_hal.c **** HAL_StatusTypeDef HAL_Init(void)
 142:Drivers/STM32F0xx_HAL_Driver/Src/stm32f0xx_hal.c **** {
 143:Drivers/STM32F0xx_HAL_Driver/Src/stm32f0xx_hal.c ****   /* Configure Flash prefetch */ 
 144:Drivers/STM32F0xx_HAL_Driver/Src/stm32f0xx_hal.c **** #if (PREFETCH_ENABLE != 0)
 145:Drivers/STM32F0xx_HAL_Driver/Src/stm32f0xx_hal.c ****   __HAL_FLASH_PREFETCH_BUFFER_ENABLE();
 146:Drivers/STM32F0xx_HAL_Driver/Src/stm32f0xx_hal.c **** #endif /* PREFETCH_ENABLE */
ARM GAS  /tmp/ccRSbJt0.s 			page 4


 147:Drivers/STM32F0xx_HAL_Driver/Src/stm32f0xx_hal.c **** 
 148:Drivers/STM32F0xx_HAL_Driver/Src/stm32f0xx_hal.c ****   /* Use systick as time base source and configure 1ms tick (default clock after Reset is HSI) */
 149:Drivers/STM32F0xx_HAL_Driver/Src/stm32f0xx_hal.c **** 
 150:Drivers/STM32F0xx_HAL_Driver/Src/stm32f0xx_hal.c ****   HAL_InitTick(TICK_INT_PRIORITY);
 151:Drivers/STM32F0xx_HAL_Driver/Src/stm32f0xx_hal.c **** 
 152:Drivers/STM32F0xx_HAL_Driver/Src/stm32f0xx_hal.c ****   /* Init the low level hardware */
 153:Drivers/STM32F0xx_HAL_Driver/Src/stm32f0xx_hal.c ****   HAL_MspInit();
 154:Drivers/STM32F0xx_HAL_Driver/Src/stm32f0xx_hal.c **** 
 155:Drivers/STM32F0xx_HAL_Driver/Src/stm32f0xx_hal.c ****   /* Return function status */
 156:Drivers/STM32F0xx_HAL_Driver/Src/stm32f0xx_hal.c ****   return HAL_OK;
 157:Drivers/STM32F0xx_HAL_Driver/Src/stm32f0xx_hal.c **** }
 158:Drivers/STM32F0xx_HAL_Driver/Src/stm32f0xx_hal.c **** 
 159:Drivers/STM32F0xx_HAL_Driver/Src/stm32f0xx_hal.c **** /**
 160:Drivers/STM32F0xx_HAL_Driver/Src/stm32f0xx_hal.c ****   * @brief This function de-Initialize common part of the HAL and stops the SysTick
 161:Drivers/STM32F0xx_HAL_Driver/Src/stm32f0xx_hal.c ****   *        of time base.
 162:Drivers/STM32F0xx_HAL_Driver/Src/stm32f0xx_hal.c ****   * @note This function is optional.
 163:Drivers/STM32F0xx_HAL_Driver/Src/stm32f0xx_hal.c ****   * @retval HAL status
 164:Drivers/STM32F0xx_HAL_Driver/Src/stm32f0xx_hal.c ****   */
 165:Drivers/STM32F0xx_HAL_Driver/Src/stm32f0xx_hal.c **** HAL_StatusTypeDef HAL_DeInit(void)
 166:Drivers/STM32F0xx_HAL_Driver/Src/stm32f0xx_hal.c **** {
 167:Drivers/STM32F0xx_HAL_Driver/Src/stm32f0xx_hal.c ****   /* Reset of all peripherals */
 168:Drivers/STM32F0xx_HAL_Driver/Src/stm32f0xx_hal.c ****   __HAL_RCC_APB1_FORCE_RESET();
 169:Drivers/STM32F0xx_HAL_Driver/Src/stm32f0xx_hal.c ****   __HAL_RCC_APB1_RELEASE_RESET();
 170:Drivers/STM32F0xx_HAL_Driver/Src/stm32f0xx_hal.c **** 
 171:Drivers/STM32F0xx_HAL_Driver/Src/stm32f0xx_hal.c ****   __HAL_RCC_APB2_FORCE_RESET();
 172:Drivers/STM32F0xx_HAL_Driver/Src/stm32f0xx_hal.c ****   __HAL_RCC_APB2_RELEASE_RESET();
 173:Drivers/STM32F0xx_HAL_Driver/Src/stm32f0xx_hal.c **** 
 174:Drivers/STM32F0xx_HAL_Driver/Src/stm32f0xx_hal.c ****   __HAL_RCC_AHB_FORCE_RESET();
 175:Drivers/STM32F0xx_HAL_Driver/Src/stm32f0xx_hal.c ****   __HAL_RCC_AHB_RELEASE_RESET();
 176:Drivers/STM32F0xx_HAL_Driver/Src/stm32f0xx_hal.c **** 
 177:Drivers/STM32F0xx_HAL_Driver/Src/stm32f0xx_hal.c ****   /* De-Init the low level hardware */
 178:Drivers/STM32F0xx_HAL_Driver/Src/stm32f0xx_hal.c ****   HAL_MspDeInit();
 179:Drivers/STM32F0xx_HAL_Driver/Src/stm32f0xx_hal.c ****     
 180:Drivers/STM32F0xx_HAL_Driver/Src/stm32f0xx_hal.c ****   /* Return function status */
 181:Drivers/STM32F0xx_HAL_Driver/Src/stm32f0xx_hal.c ****   return HAL_OK;
 182:Drivers/STM32F0xx_HAL_Driver/Src/stm32f0xx_hal.c **** }
 183:Drivers/STM32F0xx_HAL_Driver/Src/stm32f0xx_hal.c **** 
 184:Drivers/STM32F0xx_HAL_Driver/Src/stm32f0xx_hal.c **** /**
 185:Drivers/STM32F0xx_HAL_Driver/Src/stm32f0xx_hal.c ****   * @brief  Initialize the MSP.
 186:Drivers/STM32F0xx_HAL_Driver/Src/stm32f0xx_hal.c ****   * @retval None
 187:Drivers/STM32F0xx_HAL_Driver/Src/stm32f0xx_hal.c ****   */
 188:Drivers/STM32F0xx_HAL_Driver/Src/stm32f0xx_hal.c **** __weak void HAL_MspInit(void)
 189:Drivers/STM32F0xx_HAL_Driver/Src/stm32f0xx_hal.c **** {
  27              		.loc 1 189 1 view -0
  28              		.cfi_startproc
  29              		@ args = 0, pretend = 0, frame = 0
  30              		@ frame_needed = 0, uses_anonymous_args = 0
  31              		@ link register save eliminated.
 190:Drivers/STM32F0xx_HAL_Driver/Src/stm32f0xx_hal.c ****   /* NOTE : This function should not be modified, when the callback is needed,
 191:Drivers/STM32F0xx_HAL_Driver/Src/stm32f0xx_hal.c ****             the HAL_MspInit could be implemented in the user file
 192:Drivers/STM32F0xx_HAL_Driver/Src/stm32f0xx_hal.c ****    */
 193:Drivers/STM32F0xx_HAL_Driver/Src/stm32f0xx_hal.c **** }
  32              		.loc 1 193 1 view .LVU1
  33              		@ sp needed
  34 0000 7047     		bx	lr
  35              		.cfi_endproc
  36              	.LFE42:
ARM GAS  /tmp/ccRSbJt0.s 			page 5


  38              		.section	.text.HAL_MspDeInit,"ax",%progbits
  39              		.align	1
  40              		.weak	HAL_MspDeInit
  41              		.syntax unified
  42              		.code	16
  43              		.thumb_func
  45              	HAL_MspDeInit:
  46              	.LFB43:
 194:Drivers/STM32F0xx_HAL_Driver/Src/stm32f0xx_hal.c **** 
 195:Drivers/STM32F0xx_HAL_Driver/Src/stm32f0xx_hal.c **** /**
 196:Drivers/STM32F0xx_HAL_Driver/Src/stm32f0xx_hal.c ****   * @brief  DeInitializes the MSP.
 197:Drivers/STM32F0xx_HAL_Driver/Src/stm32f0xx_hal.c ****   * @retval None
 198:Drivers/STM32F0xx_HAL_Driver/Src/stm32f0xx_hal.c ****   */
 199:Drivers/STM32F0xx_HAL_Driver/Src/stm32f0xx_hal.c **** __weak void HAL_MspDeInit(void)
 200:Drivers/STM32F0xx_HAL_Driver/Src/stm32f0xx_hal.c **** {
  47              		.loc 1 200 1 view -0
  48              		.cfi_startproc
  49              		@ args = 0, pretend = 0, frame = 0
  50              		@ frame_needed = 0, uses_anonymous_args = 0
  51              		@ link register save eliminated.
 201:Drivers/STM32F0xx_HAL_Driver/Src/stm32f0xx_hal.c ****   /* NOTE : This function should not be modified, when the callback is needed,
 202:Drivers/STM32F0xx_HAL_Driver/Src/stm32f0xx_hal.c ****             the HAL_MspDeInit could be implemented in the user file
 203:Drivers/STM32F0xx_HAL_Driver/Src/stm32f0xx_hal.c ****    */
 204:Drivers/STM32F0xx_HAL_Driver/Src/stm32f0xx_hal.c **** }
  52              		.loc 1 204 1 view .LVU3
  53              		@ sp needed
  54 0000 7047     		bx	lr
  55              		.cfi_endproc
  56              	.LFE43:
  58              		.section	.text.HAL_DeInit,"ax",%progbits
  59              		.align	1
  60              		.global	HAL_DeInit
  61              		.syntax unified
  62              		.code	16
  63              		.thumb_func
  65              	HAL_DeInit:
  66              	.LFB41:
 166:Drivers/STM32F0xx_HAL_Driver/Src/stm32f0xx_hal.c ****   /* Reset of all peripherals */
  67              		.loc 1 166 1 view -0
  68              		.cfi_startproc
  69              		@ args = 0, pretend = 0, frame = 0
  70              		@ frame_needed = 0, uses_anonymous_args = 0
  71 0000 10B5     		push	{r4, lr}
  72              	.LCFI0:
  73              		.cfi_def_cfa_offset 8
  74              		.cfi_offset 4, -8
  75              		.cfi_offset 14, -4
 168:Drivers/STM32F0xx_HAL_Driver/Src/stm32f0xx_hal.c ****   __HAL_RCC_APB1_RELEASE_RESET();
  76              		.loc 1 168 3 view .LVU5
  77 0002 074B     		ldr	r3, .L4
  78 0004 0121     		movs	r1, #1
  79 0006 4942     		rsbs	r1, r1, #0
  80 0008 1961     		str	r1, [r3, #16]
 169:Drivers/STM32F0xx_HAL_Driver/Src/stm32f0xx_hal.c **** 
  81              		.loc 1 169 3 view .LVU6
  82 000a 0022     		movs	r2, #0
  83 000c 1A61     		str	r2, [r3, #16]
ARM GAS  /tmp/ccRSbJt0.s 			page 6


 171:Drivers/STM32F0xx_HAL_Driver/Src/stm32f0xx_hal.c ****   __HAL_RCC_APB2_RELEASE_RESET();
  84              		.loc 1 171 3 view .LVU7
  85 000e D960     		str	r1, [r3, #12]
 172:Drivers/STM32F0xx_HAL_Driver/Src/stm32f0xx_hal.c **** 
  86              		.loc 1 172 3 view .LVU8
  87 0010 DA60     		str	r2, [r3, #12]
 174:Drivers/STM32F0xx_HAL_Driver/Src/stm32f0xx_hal.c ****   __HAL_RCC_AHB_RELEASE_RESET();
  88              		.loc 1 174 3 view .LVU9
  89 0012 9962     		str	r1, [r3, #40]
 175:Drivers/STM32F0xx_HAL_Driver/Src/stm32f0xx_hal.c **** 
  90              		.loc 1 175 3 view .LVU10
  91 0014 9A62     		str	r2, [r3, #40]
 178:Drivers/STM32F0xx_HAL_Driver/Src/stm32f0xx_hal.c ****     
  92              		.loc 1 178 3 view .LVU11
  93 0016 FFF7FEFF 		bl	HAL_MspDeInit
  94              	.LVL0:
 181:Drivers/STM32F0xx_HAL_Driver/Src/stm32f0xx_hal.c **** }
  95              		.loc 1 181 3 view .LVU12
 182:Drivers/STM32F0xx_HAL_Driver/Src/stm32f0xx_hal.c **** 
  96              		.loc 1 182 1 is_stmt 0 view .LVU13
  97 001a 0020     		movs	r0, #0
  98              		@ sp needed
  99 001c 10BD     		pop	{r4, pc}
 100              	.L5:
 101 001e C046     		.align	2
 102              	.L4:
 103 0020 00100240 		.word	1073876992
 104              		.cfi_endproc
 105              	.LFE41:
 107              		.global	__aeabi_uidiv
 108              		.section	.text.HAL_InitTick,"ax",%progbits
 109              		.align	1
 110              		.weak	HAL_InitTick
 111              		.syntax unified
 112              		.code	16
 113              		.thumb_func
 115              	HAL_InitTick:
 116              	.LVL1:
 117              	.LFB44:
 205:Drivers/STM32F0xx_HAL_Driver/Src/stm32f0xx_hal.c **** 
 206:Drivers/STM32F0xx_HAL_Driver/Src/stm32f0xx_hal.c **** /**
 207:Drivers/STM32F0xx_HAL_Driver/Src/stm32f0xx_hal.c ****   * @brief This function configures the source of the time base. 
 208:Drivers/STM32F0xx_HAL_Driver/Src/stm32f0xx_hal.c ****   *        The time source is configured  to have 1ms time base with a dedicated 
 209:Drivers/STM32F0xx_HAL_Driver/Src/stm32f0xx_hal.c ****   *        Tick interrupt priority.
 210:Drivers/STM32F0xx_HAL_Driver/Src/stm32f0xx_hal.c ****   * @note This function is called  automatically at the beginning of program after
 211:Drivers/STM32F0xx_HAL_Driver/Src/stm32f0xx_hal.c ****   *       reset by HAL_Init() or at any time when clock is reconfigured  by HAL_RCC_ClockConfig(). 
 212:Drivers/STM32F0xx_HAL_Driver/Src/stm32f0xx_hal.c ****   * @note In the default implementation, SysTick timer is the source of time base. 
 213:Drivers/STM32F0xx_HAL_Driver/Src/stm32f0xx_hal.c ****   *       It is used to generate interrupts at regular time intervals. 
 214:Drivers/STM32F0xx_HAL_Driver/Src/stm32f0xx_hal.c ****   *       Care must be taken if HAL_Delay() is called from a peripheral ISR process, 
 215:Drivers/STM32F0xx_HAL_Driver/Src/stm32f0xx_hal.c ****   *       The SysTick interrupt must have higher priority (numerically lower) 
 216:Drivers/STM32F0xx_HAL_Driver/Src/stm32f0xx_hal.c ****   *       than the peripheral interrupt. Otherwise the caller ISR process will be blocked.
 217:Drivers/STM32F0xx_HAL_Driver/Src/stm32f0xx_hal.c ****   *       The function is declared as __Weak  to be overwritten  in case of other
 218:Drivers/STM32F0xx_HAL_Driver/Src/stm32f0xx_hal.c ****   *       implementation  in user file.
 219:Drivers/STM32F0xx_HAL_Driver/Src/stm32f0xx_hal.c ****   * @param TickPriority Tick interrupt priority.
 220:Drivers/STM32F0xx_HAL_Driver/Src/stm32f0xx_hal.c ****   * @retval HAL status
 221:Drivers/STM32F0xx_HAL_Driver/Src/stm32f0xx_hal.c ****   */
 222:Drivers/STM32F0xx_HAL_Driver/Src/stm32f0xx_hal.c **** __weak HAL_StatusTypeDef HAL_InitTick(uint32_t TickPriority)
ARM GAS  /tmp/ccRSbJt0.s 			page 7


 223:Drivers/STM32F0xx_HAL_Driver/Src/stm32f0xx_hal.c **** {
 118              		.loc 1 223 1 is_stmt 1 view -0
 119              		.cfi_startproc
 120              		@ args = 0, pretend = 0, frame = 0
 121              		@ frame_needed = 0, uses_anonymous_args = 0
 122              		.loc 1 223 1 is_stmt 0 view .LVU15
 123 0000 10B5     		push	{r4, lr}
 124              	.LCFI1:
 125              		.cfi_def_cfa_offset 8
 126              		.cfi_offset 4, -8
 127              		.cfi_offset 14, -4
 128 0002 0400     		movs	r4, r0
 224:Drivers/STM32F0xx_HAL_Driver/Src/stm32f0xx_hal.c ****   /*Configure the SysTick to have interrupt in 1ms time basis*/
 225:Drivers/STM32F0xx_HAL_Driver/Src/stm32f0xx_hal.c ****   if (HAL_SYSTICK_Config(SystemCoreClock / (1000U / uwTickFreq)) > 0U)
 129              		.loc 1 225 3 is_stmt 1 view .LVU16
 130              		.loc 1 225 51 is_stmt 0 view .LVU17
 131 0004 0F4B     		ldr	r3, .L11
 132 0006 1978     		ldrb	r1, [r3]
 133 0008 FA20     		movs	r0, #250
 134              	.LVL2:
 135              		.loc 1 225 51 view .LVU18
 136 000a 8000     		lsls	r0, r0, #2
 137 000c FFF7FEFF 		bl	__aeabi_uidiv
 138              	.LVL3:
 139 0010 0100     		movs	r1, r0
 140              		.loc 1 225 7 view .LVU19
 141 0012 0D4B     		ldr	r3, .L11+4
 142 0014 1868     		ldr	r0, [r3]
 143 0016 FFF7FEFF 		bl	__aeabi_uidiv
 144              	.LVL4:
 145 001a FFF7FEFF 		bl	HAL_SYSTICK_Config
 146              	.LVL5:
 147              		.loc 1 225 6 discriminator 1 view .LVU20
 148 001e 0028     		cmp	r0, #0
 149 0020 0DD1     		bne	.L8
 226:Drivers/STM32F0xx_HAL_Driver/Src/stm32f0xx_hal.c ****   {
 227:Drivers/STM32F0xx_HAL_Driver/Src/stm32f0xx_hal.c ****     return HAL_ERROR;
 228:Drivers/STM32F0xx_HAL_Driver/Src/stm32f0xx_hal.c ****   }
 229:Drivers/STM32F0xx_HAL_Driver/Src/stm32f0xx_hal.c **** 
 230:Drivers/STM32F0xx_HAL_Driver/Src/stm32f0xx_hal.c ****   /* Configure the SysTick IRQ priority */
 231:Drivers/STM32F0xx_HAL_Driver/Src/stm32f0xx_hal.c ****   if (TickPriority < (1UL << __NVIC_PRIO_BITS))
 150              		.loc 1 231 3 is_stmt 1 view .LVU21
 151              		.loc 1 231 6 is_stmt 0 view .LVU22
 152 0022 032C     		cmp	r4, #3
 153 0024 01D9     		bls	.L10
 232:Drivers/STM32F0xx_HAL_Driver/Src/stm32f0xx_hal.c ****   {
 233:Drivers/STM32F0xx_HAL_Driver/Src/stm32f0xx_hal.c ****     HAL_NVIC_SetPriority(SysTick_IRQn, TickPriority, 0U);
 234:Drivers/STM32F0xx_HAL_Driver/Src/stm32f0xx_hal.c ****     uwTickPrio = TickPriority;
 235:Drivers/STM32F0xx_HAL_Driver/Src/stm32f0xx_hal.c ****   }
 236:Drivers/STM32F0xx_HAL_Driver/Src/stm32f0xx_hal.c ****   else
 237:Drivers/STM32F0xx_HAL_Driver/Src/stm32f0xx_hal.c ****   {
 238:Drivers/STM32F0xx_HAL_Driver/Src/stm32f0xx_hal.c ****     return HAL_ERROR;
 154              		.loc 1 238 12 view .LVU23
 155 0026 0120     		movs	r0, #1
 156 0028 0AE0     		b	.L7
 157              	.L10:
 233:Drivers/STM32F0xx_HAL_Driver/Src/stm32f0xx_hal.c ****     uwTickPrio = TickPriority;
ARM GAS  /tmp/ccRSbJt0.s 			page 8


 158              		.loc 1 233 5 is_stmt 1 view .LVU24
 159 002a 0130     		adds	r0, r0, #1
 160 002c 0022     		movs	r2, #0
 161 002e 2100     		movs	r1, r4
 162 0030 4042     		rsbs	r0, r0, #0
 163 0032 FFF7FEFF 		bl	HAL_NVIC_SetPriority
 164              	.LVL6:
 234:Drivers/STM32F0xx_HAL_Driver/Src/stm32f0xx_hal.c ****   }
 165              		.loc 1 234 5 view .LVU25
 234:Drivers/STM32F0xx_HAL_Driver/Src/stm32f0xx_hal.c ****   }
 166              		.loc 1 234 16 is_stmt 0 view .LVU26
 167 0036 054B     		ldr	r3, .L11+8
 168 0038 1C60     		str	r4, [r3]
 239:Drivers/STM32F0xx_HAL_Driver/Src/stm32f0xx_hal.c ****   }
 240:Drivers/STM32F0xx_HAL_Driver/Src/stm32f0xx_hal.c **** 
 241:Drivers/STM32F0xx_HAL_Driver/Src/stm32f0xx_hal.c ****    /* Return function status */
 242:Drivers/STM32F0xx_HAL_Driver/Src/stm32f0xx_hal.c ****   return HAL_OK;
 169              		.loc 1 242 3 is_stmt 1 view .LVU27
 170              		.loc 1 242 10 is_stmt 0 view .LVU28
 171 003a 0020     		movs	r0, #0
 172 003c 00E0     		b	.L7
 173              	.L8:
 227:Drivers/STM32F0xx_HAL_Driver/Src/stm32f0xx_hal.c ****   }
 174              		.loc 1 227 12 view .LVU29
 175 003e 0120     		movs	r0, #1
 176              	.L7:
 243:Drivers/STM32F0xx_HAL_Driver/Src/stm32f0xx_hal.c **** }
 177              		.loc 1 243 1 view .LVU30
 178              		@ sp needed
 179              	.LVL7:
 180              		.loc 1 243 1 view .LVU31
 181 0040 10BD     		pop	{r4, pc}
 182              	.L12:
 183 0042 C046     		.align	2
 184              	.L11:
 185 0044 00000000 		.word	uwTickFreq
 186 0048 00000000 		.word	SystemCoreClock
 187 004c 00000000 		.word	uwTickPrio
 188              		.cfi_endproc
 189              	.LFE44:
 191              		.section	.text.HAL_Init,"ax",%progbits
 192              		.align	1
 193              		.global	HAL_Init
 194              		.syntax unified
 195              		.code	16
 196              		.thumb_func
 198              	HAL_Init:
 199              	.LFB40:
 142:Drivers/STM32F0xx_HAL_Driver/Src/stm32f0xx_hal.c ****   /* Configure Flash prefetch */ 
 200              		.loc 1 142 1 is_stmt 1 view -0
 201              		.cfi_startproc
 202              		@ args = 0, pretend = 0, frame = 0
 203              		@ frame_needed = 0, uses_anonymous_args = 0
 204 0000 10B5     		push	{r4, lr}
 205              	.LCFI2:
 206              		.cfi_def_cfa_offset 8
 207              		.cfi_offset 4, -8
ARM GAS  /tmp/ccRSbJt0.s 			page 9


 208              		.cfi_offset 14, -4
 145:Drivers/STM32F0xx_HAL_Driver/Src/stm32f0xx_hal.c **** #endif /* PREFETCH_ENABLE */
 209              		.loc 1 145 3 view .LVU33
 210 0002 064A     		ldr	r2, .L14
 211 0004 1368     		ldr	r3, [r2]
 212 0006 1021     		movs	r1, #16
 213 0008 0B43     		orrs	r3, r1
 214 000a 1360     		str	r3, [r2]
 150:Drivers/STM32F0xx_HAL_Driver/Src/stm32f0xx_hal.c **** 
 215              		.loc 1 150 3 view .LVU34
 216 000c 0020     		movs	r0, #0
 217 000e FFF7FEFF 		bl	HAL_InitTick
 218              	.LVL8:
 153:Drivers/STM32F0xx_HAL_Driver/Src/stm32f0xx_hal.c **** 
 219              		.loc 1 153 3 view .LVU35
 220 0012 FFF7FEFF 		bl	HAL_MspInit
 221              	.LVL9:
 156:Drivers/STM32F0xx_HAL_Driver/Src/stm32f0xx_hal.c **** }
 222              		.loc 1 156 3 view .LVU36
 157:Drivers/STM32F0xx_HAL_Driver/Src/stm32f0xx_hal.c **** 
 223              		.loc 1 157 1 is_stmt 0 view .LVU37
 224 0016 0020     		movs	r0, #0
 225              		@ sp needed
 226 0018 10BD     		pop	{r4, pc}
 227              	.L15:
 228 001a C046     		.align	2
 229              	.L14:
 230 001c 00200240 		.word	1073881088
 231              		.cfi_endproc
 232              	.LFE40:
 234              		.section	.text.HAL_IncTick,"ax",%progbits
 235              		.align	1
 236              		.weak	HAL_IncTick
 237              		.syntax unified
 238              		.code	16
 239              		.thumb_func
 241              	HAL_IncTick:
 242              	.LFB45:
 244:Drivers/STM32F0xx_HAL_Driver/Src/stm32f0xx_hal.c **** 
 245:Drivers/STM32F0xx_HAL_Driver/Src/stm32f0xx_hal.c **** /**
 246:Drivers/STM32F0xx_HAL_Driver/Src/stm32f0xx_hal.c ****   * @}
 247:Drivers/STM32F0xx_HAL_Driver/Src/stm32f0xx_hal.c ****   */
 248:Drivers/STM32F0xx_HAL_Driver/Src/stm32f0xx_hal.c **** 
 249:Drivers/STM32F0xx_HAL_Driver/Src/stm32f0xx_hal.c **** /** @defgroup HAL_Exported_Functions_Group2 HAL Control functions 
 250:Drivers/STM32F0xx_HAL_Driver/Src/stm32f0xx_hal.c ****   * @brief    HAL Control functions
 251:Drivers/STM32F0xx_HAL_Driver/Src/stm32f0xx_hal.c ****   *
 252:Drivers/STM32F0xx_HAL_Driver/Src/stm32f0xx_hal.c **** @verbatim
 253:Drivers/STM32F0xx_HAL_Driver/Src/stm32f0xx_hal.c ****  ===============================================================================
 254:Drivers/STM32F0xx_HAL_Driver/Src/stm32f0xx_hal.c ****                       ##### HAL Control functions #####
 255:Drivers/STM32F0xx_HAL_Driver/Src/stm32f0xx_hal.c ****  ===============================================================================
 256:Drivers/STM32F0xx_HAL_Driver/Src/stm32f0xx_hal.c ****     [..]  This section provides functions allowing to:
 257:Drivers/STM32F0xx_HAL_Driver/Src/stm32f0xx_hal.c ****       (+) Provide a tick value in millisecond
 258:Drivers/STM32F0xx_HAL_Driver/Src/stm32f0xx_hal.c ****       (+) Provide a blocking delay in millisecond
 259:Drivers/STM32F0xx_HAL_Driver/Src/stm32f0xx_hal.c ****       (+) Suspend the time base source interrupt
 260:Drivers/STM32F0xx_HAL_Driver/Src/stm32f0xx_hal.c ****       (+) Resume the time base source interrupt
 261:Drivers/STM32F0xx_HAL_Driver/Src/stm32f0xx_hal.c ****       (+) Get the HAL API driver version
 262:Drivers/STM32F0xx_HAL_Driver/Src/stm32f0xx_hal.c ****       (+) Get the device identifier
ARM GAS  /tmp/ccRSbJt0.s 			page 10


 263:Drivers/STM32F0xx_HAL_Driver/Src/stm32f0xx_hal.c ****       (+) Get the device revision identifier
 264:Drivers/STM32F0xx_HAL_Driver/Src/stm32f0xx_hal.c ****       (+) Enable/Disable Debug module during Sleep mode
 265:Drivers/STM32F0xx_HAL_Driver/Src/stm32f0xx_hal.c ****       (+) Enable/Disable Debug module during STOP mode
 266:Drivers/STM32F0xx_HAL_Driver/Src/stm32f0xx_hal.c ****       (+) Enable/Disable Debug module during STANDBY mode
 267:Drivers/STM32F0xx_HAL_Driver/Src/stm32f0xx_hal.c ****       
 268:Drivers/STM32F0xx_HAL_Driver/Src/stm32f0xx_hal.c **** @endverbatim
 269:Drivers/STM32F0xx_HAL_Driver/Src/stm32f0xx_hal.c ****   * @{
 270:Drivers/STM32F0xx_HAL_Driver/Src/stm32f0xx_hal.c ****   */
 271:Drivers/STM32F0xx_HAL_Driver/Src/stm32f0xx_hal.c **** 
 272:Drivers/STM32F0xx_HAL_Driver/Src/stm32f0xx_hal.c **** /**
 273:Drivers/STM32F0xx_HAL_Driver/Src/stm32f0xx_hal.c ****   * @brief This function is called to increment  a global variable "uwTick"
 274:Drivers/STM32F0xx_HAL_Driver/Src/stm32f0xx_hal.c ****   *        used as application time base.
 275:Drivers/STM32F0xx_HAL_Driver/Src/stm32f0xx_hal.c ****   * @note In the default implementation, this variable is incremented each 1ms
 276:Drivers/STM32F0xx_HAL_Driver/Src/stm32f0xx_hal.c ****   *       in SysTick ISR.
 277:Drivers/STM32F0xx_HAL_Driver/Src/stm32f0xx_hal.c ****   * @note This function is declared as __weak to be overwritten in case of other 
 278:Drivers/STM32F0xx_HAL_Driver/Src/stm32f0xx_hal.c ****   *       implementations in user file.
 279:Drivers/STM32F0xx_HAL_Driver/Src/stm32f0xx_hal.c ****   * @retval None
 280:Drivers/STM32F0xx_HAL_Driver/Src/stm32f0xx_hal.c ****   */
 281:Drivers/STM32F0xx_HAL_Driver/Src/stm32f0xx_hal.c **** __weak void HAL_IncTick(void)
 282:Drivers/STM32F0xx_HAL_Driver/Src/stm32f0xx_hal.c **** {
 243              		.loc 1 282 1 is_stmt 1 view -0
 244              		.cfi_startproc
 245              		@ args = 0, pretend = 0, frame = 0
 246              		@ frame_needed = 0, uses_anonymous_args = 0
 247              		@ link register save eliminated.
 283:Drivers/STM32F0xx_HAL_Driver/Src/stm32f0xx_hal.c ****   uwTick += uwTickFreq;
 248              		.loc 1 283 3 view .LVU39
 249              		.loc 1 283 10 is_stmt 0 view .LVU40
 250 0000 034A     		ldr	r2, .L17
 251 0002 1168     		ldr	r1, [r2]
 252 0004 034B     		ldr	r3, .L17+4
 253 0006 1B78     		ldrb	r3, [r3]
 254 0008 5B18     		adds	r3, r3, r1
 255 000a 1360     		str	r3, [r2]
 284:Drivers/STM32F0xx_HAL_Driver/Src/stm32f0xx_hal.c **** }
 256              		.loc 1 284 1 view .LVU41
 257              		@ sp needed
 258 000c 7047     		bx	lr
 259              	.L18:
 260 000e C046     		.align	2
 261              	.L17:
 262 0010 00000000 		.word	uwTick
 263 0014 00000000 		.word	uwTickFreq
 264              		.cfi_endproc
 265              	.LFE45:
 267              		.section	.text.HAL_GetTick,"ax",%progbits
 268              		.align	1
 269              		.weak	HAL_GetTick
 270              		.syntax unified
 271              		.code	16
 272              		.thumb_func
 274              	HAL_GetTick:
 275              	.LFB46:
 285:Drivers/STM32F0xx_HAL_Driver/Src/stm32f0xx_hal.c **** 
 286:Drivers/STM32F0xx_HAL_Driver/Src/stm32f0xx_hal.c **** /**
 287:Drivers/STM32F0xx_HAL_Driver/Src/stm32f0xx_hal.c ****   * @brief  Provides a tick value in millisecond.
 288:Drivers/STM32F0xx_HAL_Driver/Src/stm32f0xx_hal.c ****   * @note   This function is declared as __weak  to be overwritten  in case of other 
ARM GAS  /tmp/ccRSbJt0.s 			page 11


 289:Drivers/STM32F0xx_HAL_Driver/Src/stm32f0xx_hal.c ****   *       implementations in user file.
 290:Drivers/STM32F0xx_HAL_Driver/Src/stm32f0xx_hal.c ****   * @retval tick value
 291:Drivers/STM32F0xx_HAL_Driver/Src/stm32f0xx_hal.c ****   */
 292:Drivers/STM32F0xx_HAL_Driver/Src/stm32f0xx_hal.c **** __weak uint32_t HAL_GetTick(void)
 293:Drivers/STM32F0xx_HAL_Driver/Src/stm32f0xx_hal.c **** {
 276              		.loc 1 293 1 is_stmt 1 view -0
 277              		.cfi_startproc
 278              		@ args = 0, pretend = 0, frame = 0
 279              		@ frame_needed = 0, uses_anonymous_args = 0
 280              		@ link register save eliminated.
 294:Drivers/STM32F0xx_HAL_Driver/Src/stm32f0xx_hal.c ****   return uwTick;
 281              		.loc 1 294 3 view .LVU43
 282              		.loc 1 294 10 is_stmt 0 view .LVU44
 283 0000 014B     		ldr	r3, .L20
 284 0002 1868     		ldr	r0, [r3]
 295:Drivers/STM32F0xx_HAL_Driver/Src/stm32f0xx_hal.c **** }
 285              		.loc 1 295 1 view .LVU45
 286              		@ sp needed
 287 0004 7047     		bx	lr
 288              	.L21:
 289 0006 C046     		.align	2
 290              	.L20:
 291 0008 00000000 		.word	uwTick
 292              		.cfi_endproc
 293              	.LFE46:
 295              		.section	.text.HAL_GetTickPrio,"ax",%progbits
 296              		.align	1
 297              		.global	HAL_GetTickPrio
 298              		.syntax unified
 299              		.code	16
 300              		.thumb_func
 302              	HAL_GetTickPrio:
 303              	.LFB47:
 296:Drivers/STM32F0xx_HAL_Driver/Src/stm32f0xx_hal.c **** 
 297:Drivers/STM32F0xx_HAL_Driver/Src/stm32f0xx_hal.c **** /**
 298:Drivers/STM32F0xx_HAL_Driver/Src/stm32f0xx_hal.c ****   * @brief This function returns a tick priority.
 299:Drivers/STM32F0xx_HAL_Driver/Src/stm32f0xx_hal.c ****   * @retval tick priority
 300:Drivers/STM32F0xx_HAL_Driver/Src/stm32f0xx_hal.c ****   */
 301:Drivers/STM32F0xx_HAL_Driver/Src/stm32f0xx_hal.c **** uint32_t HAL_GetTickPrio(void)
 302:Drivers/STM32F0xx_HAL_Driver/Src/stm32f0xx_hal.c **** {
 304              		.loc 1 302 1 is_stmt 1 view -0
 305              		.cfi_startproc
 306              		@ args = 0, pretend = 0, frame = 0
 307              		@ frame_needed = 0, uses_anonymous_args = 0
 308              		@ link register save eliminated.
 303:Drivers/STM32F0xx_HAL_Driver/Src/stm32f0xx_hal.c ****   return uwTickPrio;
 309              		.loc 1 303 3 view .LVU47
 310              		.loc 1 303 10 is_stmt 0 view .LVU48
 311 0000 014B     		ldr	r3, .L23
 312              		.loc 1 303 10 discriminator 1 view .LVU49
 313 0002 1868     		ldr	r0, [r3]
 304:Drivers/STM32F0xx_HAL_Driver/Src/stm32f0xx_hal.c **** }
 314              		.loc 1 304 1 view .LVU50
 315              		@ sp needed
 316 0004 7047     		bx	lr
 317              	.L24:
 318 0006 C046     		.align	2
ARM GAS  /tmp/ccRSbJt0.s 			page 12


 319              	.L23:
 320 0008 00000000 		.word	uwTickPrio
 321              		.cfi_endproc
 322              	.LFE47:
 324              		.section	.text.HAL_SetTickFreq,"ax",%progbits
 325              		.align	1
 326              		.global	HAL_SetTickFreq
 327              		.syntax unified
 328              		.code	16
 329              		.thumb_func
 331              	HAL_SetTickFreq:
 332              	.LVL10:
 333              	.LFB48:
 305:Drivers/STM32F0xx_HAL_Driver/Src/stm32f0xx_hal.c **** 
 306:Drivers/STM32F0xx_HAL_Driver/Src/stm32f0xx_hal.c **** /**
 307:Drivers/STM32F0xx_HAL_Driver/Src/stm32f0xx_hal.c ****   * @brief Set new tick Freq.
 308:Drivers/STM32F0xx_HAL_Driver/Src/stm32f0xx_hal.c ****   * @retval status
 309:Drivers/STM32F0xx_HAL_Driver/Src/stm32f0xx_hal.c ****   */
 310:Drivers/STM32F0xx_HAL_Driver/Src/stm32f0xx_hal.c **** HAL_StatusTypeDef HAL_SetTickFreq(HAL_TickFreqTypeDef Freq)
 311:Drivers/STM32F0xx_HAL_Driver/Src/stm32f0xx_hal.c **** {
 334              		.loc 1 311 1 is_stmt 1 view -0
 335              		.cfi_startproc
 336              		@ args = 0, pretend = 0, frame = 0
 337              		@ frame_needed = 0, uses_anonymous_args = 0
 338              		.loc 1 311 1 is_stmt 0 view .LVU52
 339 0000 10B5     		push	{r4, lr}
 340              	.LCFI3:
 341              		.cfi_def_cfa_offset 8
 342              		.cfi_offset 4, -8
 343              		.cfi_offset 14, -4
 312:Drivers/STM32F0xx_HAL_Driver/Src/stm32f0xx_hal.c ****   HAL_StatusTypeDef status  = HAL_OK;
 344              		.loc 1 312 3 is_stmt 1 view .LVU53
 345              	.LVL11:
 313:Drivers/STM32F0xx_HAL_Driver/Src/stm32f0xx_hal.c ****   HAL_TickFreqTypeDef prevTickFreq;
 346              		.loc 1 313 3 view .LVU54
 314:Drivers/STM32F0xx_HAL_Driver/Src/stm32f0xx_hal.c **** 
 315:Drivers/STM32F0xx_HAL_Driver/Src/stm32f0xx_hal.c ****   assert_param(IS_TICKFREQ(Freq));
 347              		.loc 1 315 3 view .LVU55
 316:Drivers/STM32F0xx_HAL_Driver/Src/stm32f0xx_hal.c **** 
 317:Drivers/STM32F0xx_HAL_Driver/Src/stm32f0xx_hal.c ****   if (uwTickFreq != Freq)
 348              		.loc 1 317 3 view .LVU56
 349              		.loc 1 317 18 is_stmt 0 view .LVU57
 350 0002 084B     		ldr	r3, .L29
 351 0004 1C78     		ldrb	r4, [r3]
 352              		.loc 1 317 6 view .LVU58
 353 0006 8442     		cmp	r4, r0
 354 0008 01D1     		bne	.L28
 312:Drivers/STM32F0xx_HAL_Driver/Src/stm32f0xx_hal.c ****   HAL_TickFreqTypeDef prevTickFreq;
 355              		.loc 1 312 21 view .LVU59
 356 000a 0020     		movs	r0, #0
 357              	.LVL12:
 358              	.L26:
 318:Drivers/STM32F0xx_HAL_Driver/Src/stm32f0xx_hal.c ****   {
 319:Drivers/STM32F0xx_HAL_Driver/Src/stm32f0xx_hal.c ****     /* Back up uwTickFreq frequency */
 320:Drivers/STM32F0xx_HAL_Driver/Src/stm32f0xx_hal.c ****     prevTickFreq = uwTickFreq;
 321:Drivers/STM32F0xx_HAL_Driver/Src/stm32f0xx_hal.c **** 
 322:Drivers/STM32F0xx_HAL_Driver/Src/stm32f0xx_hal.c ****     /* Update uwTickFreq global variable used by HAL_InitTick() */
ARM GAS  /tmp/ccRSbJt0.s 			page 13


 323:Drivers/STM32F0xx_HAL_Driver/Src/stm32f0xx_hal.c ****     uwTickFreq = Freq;
 324:Drivers/STM32F0xx_HAL_Driver/Src/stm32f0xx_hal.c **** 
 325:Drivers/STM32F0xx_HAL_Driver/Src/stm32f0xx_hal.c ****     /* Apply the new tick Freq */
 326:Drivers/STM32F0xx_HAL_Driver/Src/stm32f0xx_hal.c ****     status = HAL_InitTick(uwTickPrio);
 327:Drivers/STM32F0xx_HAL_Driver/Src/stm32f0xx_hal.c **** 
 328:Drivers/STM32F0xx_HAL_Driver/Src/stm32f0xx_hal.c ****     if (status != HAL_OK)
 329:Drivers/STM32F0xx_HAL_Driver/Src/stm32f0xx_hal.c ****     {
 330:Drivers/STM32F0xx_HAL_Driver/Src/stm32f0xx_hal.c ****       /* Restore previous tick frequency */
 331:Drivers/STM32F0xx_HAL_Driver/Src/stm32f0xx_hal.c ****       uwTickFreq = prevTickFreq;
 332:Drivers/STM32F0xx_HAL_Driver/Src/stm32f0xx_hal.c ****     }
 333:Drivers/STM32F0xx_HAL_Driver/Src/stm32f0xx_hal.c ****   }
 334:Drivers/STM32F0xx_HAL_Driver/Src/stm32f0xx_hal.c **** 
 335:Drivers/STM32F0xx_HAL_Driver/Src/stm32f0xx_hal.c ****   return status;
 359              		.loc 1 335 3 is_stmt 1 view .LVU60
 336:Drivers/STM32F0xx_HAL_Driver/Src/stm32f0xx_hal.c **** }
 360              		.loc 1 336 1 is_stmt 0 view .LVU61
 361              		@ sp needed
 362 000c 10BD     		pop	{r4, pc}
 363              	.LVL13:
 364              	.L28:
 320:Drivers/STM32F0xx_HAL_Driver/Src/stm32f0xx_hal.c **** 
 365              		.loc 1 320 5 is_stmt 1 view .LVU62
 323:Drivers/STM32F0xx_HAL_Driver/Src/stm32f0xx_hal.c **** 
 366              		.loc 1 323 5 view .LVU63
 323:Drivers/STM32F0xx_HAL_Driver/Src/stm32f0xx_hal.c **** 
 367              		.loc 1 323 16 is_stmt 0 view .LVU64
 368 000e 1870     		strb	r0, [r3]
 326:Drivers/STM32F0xx_HAL_Driver/Src/stm32f0xx_hal.c **** 
 369              		.loc 1 326 5 is_stmt 1 view .LVU65
 326:Drivers/STM32F0xx_HAL_Driver/Src/stm32f0xx_hal.c **** 
 370              		.loc 1 326 14 is_stmt 0 view .LVU66
 371 0010 054B     		ldr	r3, .L29+4
 372 0012 1868     		ldr	r0, [r3]
 373              	.LVL14:
 326:Drivers/STM32F0xx_HAL_Driver/Src/stm32f0xx_hal.c **** 
 374              		.loc 1 326 14 view .LVU67
 375 0014 FFF7FEFF 		bl	HAL_InitTick
 376              	.LVL15:
 328:Drivers/STM32F0xx_HAL_Driver/Src/stm32f0xx_hal.c ****     {
 377              		.loc 1 328 5 is_stmt 1 view .LVU68
 328:Drivers/STM32F0xx_HAL_Driver/Src/stm32f0xx_hal.c ****     {
 378              		.loc 1 328 8 is_stmt 0 view .LVU69
 379 0018 0028     		cmp	r0, #0
 380 001a F7D0     		beq	.L26
 331:Drivers/STM32F0xx_HAL_Driver/Src/stm32f0xx_hal.c ****     }
 381              		.loc 1 331 7 is_stmt 1 view .LVU70
 331:Drivers/STM32F0xx_HAL_Driver/Src/stm32f0xx_hal.c ****     }
 382              		.loc 1 331 18 is_stmt 0 view .LVU71
 383 001c 014B     		ldr	r3, .L29
 384 001e 1C70     		strb	r4, [r3]
 385 0020 F4E7     		b	.L26
 386              	.L30:
 387 0022 C046     		.align	2
 388              	.L29:
 389 0024 00000000 		.word	uwTickFreq
 390 0028 00000000 		.word	uwTickPrio
 391              		.cfi_endproc
ARM GAS  /tmp/ccRSbJt0.s 			page 14


 392              	.LFE48:
 394              		.section	.text.HAL_GetTickFreq,"ax",%progbits
 395              		.align	1
 396              		.global	HAL_GetTickFreq
 397              		.syntax unified
 398              		.code	16
 399              		.thumb_func
 401              	HAL_GetTickFreq:
 402              	.LFB49:
 337:Drivers/STM32F0xx_HAL_Driver/Src/stm32f0xx_hal.c **** 
 338:Drivers/STM32F0xx_HAL_Driver/Src/stm32f0xx_hal.c **** /**
 339:Drivers/STM32F0xx_HAL_Driver/Src/stm32f0xx_hal.c ****   * @brief return tick frequency.
 340:Drivers/STM32F0xx_HAL_Driver/Src/stm32f0xx_hal.c ****   * @retval Tick frequency.
 341:Drivers/STM32F0xx_HAL_Driver/Src/stm32f0xx_hal.c ****   *         Value of @ref HAL_TickFreqTypeDef.
 342:Drivers/STM32F0xx_HAL_Driver/Src/stm32f0xx_hal.c ****   */
 343:Drivers/STM32F0xx_HAL_Driver/Src/stm32f0xx_hal.c **** HAL_TickFreqTypeDef HAL_GetTickFreq(void)
 344:Drivers/STM32F0xx_HAL_Driver/Src/stm32f0xx_hal.c **** {
 403              		.loc 1 344 1 is_stmt 1 view -0
 404              		.cfi_startproc
 405              		@ args = 0, pretend = 0, frame = 0
 406              		@ frame_needed = 0, uses_anonymous_args = 0
 407              		@ link register save eliminated.
 345:Drivers/STM32F0xx_HAL_Driver/Src/stm32f0xx_hal.c ****   return uwTickFreq;
 408              		.loc 1 345 3 view .LVU73
 409              		.loc 1 345 10 is_stmt 0 view .LVU74
 410 0000 014B     		ldr	r3, .L32
 411              		.loc 1 345 10 discriminator 1 view .LVU75
 412 0002 1878     		ldrb	r0, [r3]
 346:Drivers/STM32F0xx_HAL_Driver/Src/stm32f0xx_hal.c **** }
 413              		.loc 1 346 1 view .LVU76
 414              		@ sp needed
 415 0004 7047     		bx	lr
 416              	.L33:
 417 0006 C046     		.align	2
 418              	.L32:
 419 0008 00000000 		.word	uwTickFreq
 420              		.cfi_endproc
 421              	.LFE49:
 423              		.section	.text.HAL_Delay,"ax",%progbits
 424              		.align	1
 425              		.weak	HAL_Delay
 426              		.syntax unified
 427              		.code	16
 428              		.thumb_func
 430              	HAL_Delay:
 431              	.LVL16:
 432              	.LFB50:
 347:Drivers/STM32F0xx_HAL_Driver/Src/stm32f0xx_hal.c **** 
 348:Drivers/STM32F0xx_HAL_Driver/Src/stm32f0xx_hal.c **** /**
 349:Drivers/STM32F0xx_HAL_Driver/Src/stm32f0xx_hal.c ****   * @brief This function provides accurate delay (in milliseconds) based
 350:Drivers/STM32F0xx_HAL_Driver/Src/stm32f0xx_hal.c ****   *        on variable incremented.
 351:Drivers/STM32F0xx_HAL_Driver/Src/stm32f0xx_hal.c ****   * @note In the default implementation , SysTick timer is the source of time base.
 352:Drivers/STM32F0xx_HAL_Driver/Src/stm32f0xx_hal.c ****   *       It is used to generate interrupts at regular time intervals where uwTick
 353:Drivers/STM32F0xx_HAL_Driver/Src/stm32f0xx_hal.c ****   *       is incremented.
 354:Drivers/STM32F0xx_HAL_Driver/Src/stm32f0xx_hal.c ****   * @note ThiS function is declared as __weak to be overwritten in case of other
 355:Drivers/STM32F0xx_HAL_Driver/Src/stm32f0xx_hal.c ****   *       implementations in user file.
 356:Drivers/STM32F0xx_HAL_Driver/Src/stm32f0xx_hal.c ****   * @param Delay specifies the delay time length, in milliseconds.
ARM GAS  /tmp/ccRSbJt0.s 			page 15


 357:Drivers/STM32F0xx_HAL_Driver/Src/stm32f0xx_hal.c ****   * @retval None
 358:Drivers/STM32F0xx_HAL_Driver/Src/stm32f0xx_hal.c ****   */
 359:Drivers/STM32F0xx_HAL_Driver/Src/stm32f0xx_hal.c **** __weak void HAL_Delay(uint32_t Delay)
 360:Drivers/STM32F0xx_HAL_Driver/Src/stm32f0xx_hal.c **** {
 433              		.loc 1 360 1 is_stmt 1 view -0
 434              		.cfi_startproc
 435              		@ args = 0, pretend = 0, frame = 0
 436              		@ frame_needed = 0, uses_anonymous_args = 0
 437              		.loc 1 360 1 is_stmt 0 view .LVU78
 438 0000 70B5     		push	{r4, r5, r6, lr}
 439              	.LCFI4:
 440              		.cfi_def_cfa_offset 16
 441              		.cfi_offset 4, -16
 442              		.cfi_offset 5, -12
 443              		.cfi_offset 6, -8
 444              		.cfi_offset 14, -4
 445 0002 0400     		movs	r4, r0
 361:Drivers/STM32F0xx_HAL_Driver/Src/stm32f0xx_hal.c ****   uint32_t tickstart = HAL_GetTick();
 446              		.loc 1 361 3 is_stmt 1 view .LVU79
 447              		.loc 1 361 24 is_stmt 0 view .LVU80
 448 0004 FFF7FEFF 		bl	HAL_GetTick
 449              	.LVL17:
 450              		.loc 1 361 24 view .LVU81
 451 0008 0500     		movs	r5, r0
 452              	.LVL18:
 362:Drivers/STM32F0xx_HAL_Driver/Src/stm32f0xx_hal.c ****   uint32_t wait = Delay;
 453              		.loc 1 362 3 is_stmt 1 view .LVU82
 363:Drivers/STM32F0xx_HAL_Driver/Src/stm32f0xx_hal.c ****   
 364:Drivers/STM32F0xx_HAL_Driver/Src/stm32f0xx_hal.c ****   /* Add a freq to guarantee minimum wait */
 365:Drivers/STM32F0xx_HAL_Driver/Src/stm32f0xx_hal.c ****   if (wait < HAL_MAX_DELAY)
 454              		.loc 1 365 3 view .LVU83
 455              		.loc 1 365 6 is_stmt 0 view .LVU84
 456 000a 631C     		adds	r3, r4, #1
 457 000c 02D0     		beq	.L36
 366:Drivers/STM32F0xx_HAL_Driver/Src/stm32f0xx_hal.c ****   {
 367:Drivers/STM32F0xx_HAL_Driver/Src/stm32f0xx_hal.c ****     wait += (uint32_t)(uwTickFreq);
 458              		.loc 1 367 5 is_stmt 1 view .LVU85
 459              		.loc 1 367 13 is_stmt 0 view .LVU86
 460 000e 044B     		ldr	r3, .L38
 461 0010 1B78     		ldrb	r3, [r3]
 462              		.loc 1 367 10 view .LVU87
 463 0012 E418     		adds	r4, r4, r3
 464              	.LVL19:
 465              	.L36:
 368:Drivers/STM32F0xx_HAL_Driver/Src/stm32f0xx_hal.c ****   }
 369:Drivers/STM32F0xx_HAL_Driver/Src/stm32f0xx_hal.c ****   
 370:Drivers/STM32F0xx_HAL_Driver/Src/stm32f0xx_hal.c ****   while((HAL_GetTick() - tickstart) < wait)
 371:Drivers/STM32F0xx_HAL_Driver/Src/stm32f0xx_hal.c ****   {
 372:Drivers/STM32F0xx_HAL_Driver/Src/stm32f0xx_hal.c ****   }
 466              		.loc 1 372 3 is_stmt 1 view .LVU88
 370:Drivers/STM32F0xx_HAL_Driver/Src/stm32f0xx_hal.c ****   {
 467              		.loc 1 370 37 discriminator 1 view .LVU89
 370:Drivers/STM32F0xx_HAL_Driver/Src/stm32f0xx_hal.c ****   {
 468              		.loc 1 370 10 is_stmt 0 discriminator 1 view .LVU90
 469 0014 FFF7FEFF 		bl	HAL_GetTick
 470              	.LVL20:
 370:Drivers/STM32F0xx_HAL_Driver/Src/stm32f0xx_hal.c ****   {
ARM GAS  /tmp/ccRSbJt0.s 			page 16


 471              		.loc 1 370 24 discriminator 1 view .LVU91
 472 0018 401B     		subs	r0, r0, r5
 370:Drivers/STM32F0xx_HAL_Driver/Src/stm32f0xx_hal.c ****   {
 473              		.loc 1 370 37 discriminator 1 view .LVU92
 474 001a A042     		cmp	r0, r4
 475 001c FAD3     		bcc	.L36
 373:Drivers/STM32F0xx_HAL_Driver/Src/stm32f0xx_hal.c **** }
 476              		.loc 1 373 1 view .LVU93
 477              		@ sp needed
 478              	.LVL21:
 479              	.LVL22:
 480              		.loc 1 373 1 view .LVU94
 481 001e 70BD     		pop	{r4, r5, r6, pc}
 482              	.L39:
 483              		.align	2
 484              	.L38:
 485 0020 00000000 		.word	uwTickFreq
 486              		.cfi_endproc
 487              	.LFE50:
 489              		.section	.text.HAL_SuspendTick,"ax",%progbits
 490              		.align	1
 491              		.weak	HAL_SuspendTick
 492              		.syntax unified
 493              		.code	16
 494              		.thumb_func
 496              	HAL_SuspendTick:
 497              	.LFB51:
 374:Drivers/STM32F0xx_HAL_Driver/Src/stm32f0xx_hal.c **** 
 375:Drivers/STM32F0xx_HAL_Driver/Src/stm32f0xx_hal.c **** /**
 376:Drivers/STM32F0xx_HAL_Driver/Src/stm32f0xx_hal.c ****   * @brief Suspend Tick increment.
 377:Drivers/STM32F0xx_HAL_Driver/Src/stm32f0xx_hal.c ****   * @note In the default implementation , SysTick timer is the source of time base. It is
 378:Drivers/STM32F0xx_HAL_Driver/Src/stm32f0xx_hal.c ****   *       used to generate interrupts at regular time intervals. Once HAL_SuspendTick()
 379:Drivers/STM32F0xx_HAL_Driver/Src/stm32f0xx_hal.c ****   *       is called, the the SysTick interrupt will be disabled and so Tick increment 
 380:Drivers/STM32F0xx_HAL_Driver/Src/stm32f0xx_hal.c ****   *       is suspended.
 381:Drivers/STM32F0xx_HAL_Driver/Src/stm32f0xx_hal.c ****   * @note This function is declared as __weak to be overwritten in case of other
 382:Drivers/STM32F0xx_HAL_Driver/Src/stm32f0xx_hal.c ****   *       implementations in user file.
 383:Drivers/STM32F0xx_HAL_Driver/Src/stm32f0xx_hal.c ****   * @retval None
 384:Drivers/STM32F0xx_HAL_Driver/Src/stm32f0xx_hal.c ****   */
 385:Drivers/STM32F0xx_HAL_Driver/Src/stm32f0xx_hal.c **** __weak void HAL_SuspendTick(void)
 386:Drivers/STM32F0xx_HAL_Driver/Src/stm32f0xx_hal.c **** 
 387:Drivers/STM32F0xx_HAL_Driver/Src/stm32f0xx_hal.c **** {
 498              		.loc 1 387 1 is_stmt 1 view -0
 499              		.cfi_startproc
 500              		@ args = 0, pretend = 0, frame = 0
 501              		@ frame_needed = 0, uses_anonymous_args = 0
 502              		@ link register save eliminated.
 388:Drivers/STM32F0xx_HAL_Driver/Src/stm32f0xx_hal.c ****   /* Disable SysTick Interrupt */
 389:Drivers/STM32F0xx_HAL_Driver/Src/stm32f0xx_hal.c ****   CLEAR_BIT(SysTick->CTRL,SysTick_CTRL_TICKINT_Msk);
 503              		.loc 1 389 3 view .LVU96
 504 0000 024A     		ldr	r2, .L41
 505 0002 1368     		ldr	r3, [r2]
 506 0004 0221     		movs	r1, #2
 507 0006 8B43     		bics	r3, r1
 508 0008 1360     		str	r3, [r2]
 390:Drivers/STM32F0xx_HAL_Driver/Src/stm32f0xx_hal.c **** }
 509              		.loc 1 390 1 is_stmt 0 view .LVU97
 510              		@ sp needed
ARM GAS  /tmp/ccRSbJt0.s 			page 17


 511 000a 7047     		bx	lr
 512              	.L42:
 513              		.align	2
 514              	.L41:
 515 000c 10E000E0 		.word	-536813552
 516              		.cfi_endproc
 517              	.LFE51:
 519              		.section	.text.HAL_ResumeTick,"ax",%progbits
 520              		.align	1
 521              		.weak	HAL_ResumeTick
 522              		.syntax unified
 523              		.code	16
 524              		.thumb_func
 526              	HAL_ResumeTick:
 527              	.LFB52:
 391:Drivers/STM32F0xx_HAL_Driver/Src/stm32f0xx_hal.c **** 
 392:Drivers/STM32F0xx_HAL_Driver/Src/stm32f0xx_hal.c **** /**
 393:Drivers/STM32F0xx_HAL_Driver/Src/stm32f0xx_hal.c ****   * @brief Resume Tick increment.
 394:Drivers/STM32F0xx_HAL_Driver/Src/stm32f0xx_hal.c ****   * @note In the default implementation , SysTick timer is the source of time base. It is
 395:Drivers/STM32F0xx_HAL_Driver/Src/stm32f0xx_hal.c ****   *       used to generate interrupts at regular time intervals. Once HAL_ResumeTick()
 396:Drivers/STM32F0xx_HAL_Driver/Src/stm32f0xx_hal.c ****   *       is called, the the SysTick interrupt will be enabled and so Tick increment 
 397:Drivers/STM32F0xx_HAL_Driver/Src/stm32f0xx_hal.c ****   *       is resumed.
 398:Drivers/STM32F0xx_HAL_Driver/Src/stm32f0xx_hal.c ****   * @note This function is declared as __weak  to be overwritten  in case of other
 399:Drivers/STM32F0xx_HAL_Driver/Src/stm32f0xx_hal.c ****   *       implementations in user file.
 400:Drivers/STM32F0xx_HAL_Driver/Src/stm32f0xx_hal.c ****   * @retval None
 401:Drivers/STM32F0xx_HAL_Driver/Src/stm32f0xx_hal.c ****   */
 402:Drivers/STM32F0xx_HAL_Driver/Src/stm32f0xx_hal.c **** __weak void HAL_ResumeTick(void)
 403:Drivers/STM32F0xx_HAL_Driver/Src/stm32f0xx_hal.c **** {
 528              		.loc 1 403 1 is_stmt 1 view -0
 529              		.cfi_startproc
 530              		@ args = 0, pretend = 0, frame = 0
 531              		@ frame_needed = 0, uses_anonymous_args = 0
 532              		@ link register save eliminated.
 404:Drivers/STM32F0xx_HAL_Driver/Src/stm32f0xx_hal.c ****   /* Enable SysTick Interrupt */
 405:Drivers/STM32F0xx_HAL_Driver/Src/stm32f0xx_hal.c ****   SET_BIT(SysTick->CTRL,SysTick_CTRL_TICKINT_Msk);
 533              		.loc 1 405 3 view .LVU99
 534 0000 024A     		ldr	r2, .L44
 535 0002 1368     		ldr	r3, [r2]
 536 0004 0221     		movs	r1, #2
 537 0006 0B43     		orrs	r3, r1
 538 0008 1360     		str	r3, [r2]
 406:Drivers/STM32F0xx_HAL_Driver/Src/stm32f0xx_hal.c **** }
 539              		.loc 1 406 1 is_stmt 0 view .LVU100
 540              		@ sp needed
 541 000a 7047     		bx	lr
 542              	.L45:
 543              		.align	2
 544              	.L44:
 545 000c 10E000E0 		.word	-536813552
 546              		.cfi_endproc
 547              	.LFE52:
 549              		.section	.text.HAL_GetHalVersion,"ax",%progbits
 550              		.align	1
 551              		.global	HAL_GetHalVersion
 552              		.syntax unified
 553              		.code	16
 554              		.thumb_func
ARM GAS  /tmp/ccRSbJt0.s 			page 18


 556              	HAL_GetHalVersion:
 557              	.LFB53:
 407:Drivers/STM32F0xx_HAL_Driver/Src/stm32f0xx_hal.c **** 
 408:Drivers/STM32F0xx_HAL_Driver/Src/stm32f0xx_hal.c **** /**
 409:Drivers/STM32F0xx_HAL_Driver/Src/stm32f0xx_hal.c ****   * @brief  This method returns the HAL revision
 410:Drivers/STM32F0xx_HAL_Driver/Src/stm32f0xx_hal.c ****   * @retval version 0xXYZR (8bits for each decimal, R for RC)
 411:Drivers/STM32F0xx_HAL_Driver/Src/stm32f0xx_hal.c ****   */
 412:Drivers/STM32F0xx_HAL_Driver/Src/stm32f0xx_hal.c **** uint32_t HAL_GetHalVersion(void)
 413:Drivers/STM32F0xx_HAL_Driver/Src/stm32f0xx_hal.c **** {
 558              		.loc 1 413 1 is_stmt 1 view -0
 559              		.cfi_startproc
 560              		@ args = 0, pretend = 0, frame = 0
 561              		@ frame_needed = 0, uses_anonymous_args = 0
 562              		@ link register save eliminated.
 414:Drivers/STM32F0xx_HAL_Driver/Src/stm32f0xx_hal.c ****  return __STM32F0xx_HAL_VERSION;
 563              		.loc 1 414 2 view .LVU102
 415:Drivers/STM32F0xx_HAL_Driver/Src/stm32f0xx_hal.c **** }
 564              		.loc 1 415 1 is_stmt 0 view .LVU103
 565 0000 0048     		ldr	r0, .L47
 566              		@ sp needed
 567 0002 7047     		bx	lr
 568              	.L48:
 569              		.align	2
 570              	.L47:
 571 0004 00070701 		.word	17237760
 572              		.cfi_endproc
 573              	.LFE53:
 575              		.section	.text.HAL_GetREVID,"ax",%progbits
 576              		.align	1
 577              		.global	HAL_GetREVID
 578              		.syntax unified
 579              		.code	16
 580              		.thumb_func
 582              	HAL_GetREVID:
 583              	.LFB54:
 416:Drivers/STM32F0xx_HAL_Driver/Src/stm32f0xx_hal.c **** 
 417:Drivers/STM32F0xx_HAL_Driver/Src/stm32f0xx_hal.c **** /**
 418:Drivers/STM32F0xx_HAL_Driver/Src/stm32f0xx_hal.c ****   * @brief  Returns the device revision identifier.
 419:Drivers/STM32F0xx_HAL_Driver/Src/stm32f0xx_hal.c ****   * @retval Device revision identifier
 420:Drivers/STM32F0xx_HAL_Driver/Src/stm32f0xx_hal.c ****   */
 421:Drivers/STM32F0xx_HAL_Driver/Src/stm32f0xx_hal.c **** uint32_t HAL_GetREVID(void)
 422:Drivers/STM32F0xx_HAL_Driver/Src/stm32f0xx_hal.c **** {
 584              		.loc 1 422 1 is_stmt 1 view -0
 585              		.cfi_startproc
 586              		@ args = 0, pretend = 0, frame = 0
 587              		@ frame_needed = 0, uses_anonymous_args = 0
 588              		@ link register save eliminated.
 423:Drivers/STM32F0xx_HAL_Driver/Src/stm32f0xx_hal.c ****    return((DBGMCU->IDCODE) >> 16U);
 589              		.loc 1 423 4 view .LVU105
 590              		.loc 1 423 18 is_stmt 0 view .LVU106
 591 0000 014B     		ldr	r3, .L50
 592 0002 1868     		ldr	r0, [r3]
 593              		.loc 1 423 28 view .LVU107
 594 0004 000C     		lsrs	r0, r0, #16
 424:Drivers/STM32F0xx_HAL_Driver/Src/stm32f0xx_hal.c **** }
 595              		.loc 1 424 1 view .LVU108
 596              		@ sp needed
ARM GAS  /tmp/ccRSbJt0.s 			page 19


 597 0006 7047     		bx	lr
 598              	.L51:
 599              		.align	2
 600              	.L50:
 601 0008 00580140 		.word	1073829888
 602              		.cfi_endproc
 603              	.LFE54:
 605              		.section	.text.HAL_GetDEVID,"ax",%progbits
 606              		.align	1
 607              		.global	HAL_GetDEVID
 608              		.syntax unified
 609              		.code	16
 610              		.thumb_func
 612              	HAL_GetDEVID:
 613              	.LFB55:
 425:Drivers/STM32F0xx_HAL_Driver/Src/stm32f0xx_hal.c **** 
 426:Drivers/STM32F0xx_HAL_Driver/Src/stm32f0xx_hal.c **** /**
 427:Drivers/STM32F0xx_HAL_Driver/Src/stm32f0xx_hal.c ****   * @brief  Returns the device identifier.
 428:Drivers/STM32F0xx_HAL_Driver/Src/stm32f0xx_hal.c ****   * @retval Device identifier
 429:Drivers/STM32F0xx_HAL_Driver/Src/stm32f0xx_hal.c ****   */
 430:Drivers/STM32F0xx_HAL_Driver/Src/stm32f0xx_hal.c **** uint32_t HAL_GetDEVID(void)
 431:Drivers/STM32F0xx_HAL_Driver/Src/stm32f0xx_hal.c **** {
 614              		.loc 1 431 1 is_stmt 1 view -0
 615              		.cfi_startproc
 616              		@ args = 0, pretend = 0, frame = 0
 617              		@ frame_needed = 0, uses_anonymous_args = 0
 618              		@ link register save eliminated.
 432:Drivers/STM32F0xx_HAL_Driver/Src/stm32f0xx_hal.c ****    return((DBGMCU->IDCODE) & IDCODE_DEVID_MASK);
 619              		.loc 1 432 4 view .LVU110
 620              		.loc 1 432 18 is_stmt 0 view .LVU111
 621 0000 024B     		ldr	r3, .L53
 622 0002 1868     		ldr	r0, [r3]
 623              		.loc 1 432 28 view .LVU112
 624 0004 0005     		lsls	r0, r0, #20
 625 0006 000D     		lsrs	r0, r0, #20
 433:Drivers/STM32F0xx_HAL_Driver/Src/stm32f0xx_hal.c **** }
 626              		.loc 1 433 1 view .LVU113
 627              		@ sp needed
 628 0008 7047     		bx	lr
 629              	.L54:
 630 000a C046     		.align	2
 631              	.L53:
 632 000c 00580140 		.word	1073829888
 633              		.cfi_endproc
 634              	.LFE55:
 636              		.section	.text.HAL_GetUIDw0,"ax",%progbits
 637              		.align	1
 638              		.global	HAL_GetUIDw0
 639              		.syntax unified
 640              		.code	16
 641              		.thumb_func
 643              	HAL_GetUIDw0:
 644              	.LFB56:
 434:Drivers/STM32F0xx_HAL_Driver/Src/stm32f0xx_hal.c **** 
 435:Drivers/STM32F0xx_HAL_Driver/Src/stm32f0xx_hal.c **** /**
 436:Drivers/STM32F0xx_HAL_Driver/Src/stm32f0xx_hal.c ****   * @brief  Returns first word of the unique device identifier (UID based on 96 bits)
 437:Drivers/STM32F0xx_HAL_Driver/Src/stm32f0xx_hal.c ****   * @retval Device identifier
ARM GAS  /tmp/ccRSbJt0.s 			page 20


 438:Drivers/STM32F0xx_HAL_Driver/Src/stm32f0xx_hal.c ****   */
 439:Drivers/STM32F0xx_HAL_Driver/Src/stm32f0xx_hal.c **** uint32_t HAL_GetUIDw0(void)
 440:Drivers/STM32F0xx_HAL_Driver/Src/stm32f0xx_hal.c **** {
 645              		.loc 1 440 1 is_stmt 1 view -0
 646              		.cfi_startproc
 647              		@ args = 0, pretend = 0, frame = 0
 648              		@ frame_needed = 0, uses_anonymous_args = 0
 649              		@ link register save eliminated.
 441:Drivers/STM32F0xx_HAL_Driver/Src/stm32f0xx_hal.c ****    return(READ_REG(*((uint32_t *)UID_BASE)));
 650              		.loc 1 441 4 view .LVU115
 651              		.loc 1 441 11 is_stmt 0 view .LVU116
 652 0000 014B     		ldr	r3, .L56
 653              		.loc 1 441 11 discriminator 1 view .LVU117
 654 0002 1868     		ldr	r0, [r3]
 442:Drivers/STM32F0xx_HAL_Driver/Src/stm32f0xx_hal.c **** }
 655              		.loc 1 442 1 view .LVU118
 656              		@ sp needed
 657 0004 7047     		bx	lr
 658              	.L57:
 659 0006 C046     		.align	2
 660              	.L56:
 661 0008 ACF7FF1F 		.word	536868780
 662              		.cfi_endproc
 663              	.LFE56:
 665              		.section	.text.HAL_GetUIDw1,"ax",%progbits
 666              		.align	1
 667              		.global	HAL_GetUIDw1
 668              		.syntax unified
 669              		.code	16
 670              		.thumb_func
 672              	HAL_GetUIDw1:
 673              	.LFB57:
 443:Drivers/STM32F0xx_HAL_Driver/Src/stm32f0xx_hal.c **** 
 444:Drivers/STM32F0xx_HAL_Driver/Src/stm32f0xx_hal.c **** /**
 445:Drivers/STM32F0xx_HAL_Driver/Src/stm32f0xx_hal.c ****   * @brief  Returns second word of the unique device identifier (UID based on 96 bits)
 446:Drivers/STM32F0xx_HAL_Driver/Src/stm32f0xx_hal.c ****   * @retval Device identifier
 447:Drivers/STM32F0xx_HAL_Driver/Src/stm32f0xx_hal.c ****   */
 448:Drivers/STM32F0xx_HAL_Driver/Src/stm32f0xx_hal.c **** uint32_t HAL_GetUIDw1(void)
 449:Drivers/STM32F0xx_HAL_Driver/Src/stm32f0xx_hal.c **** {
 674              		.loc 1 449 1 is_stmt 1 view -0
 675              		.cfi_startproc
 676              		@ args = 0, pretend = 0, frame = 0
 677              		@ frame_needed = 0, uses_anonymous_args = 0
 678              		@ link register save eliminated.
 450:Drivers/STM32F0xx_HAL_Driver/Src/stm32f0xx_hal.c ****    return(READ_REG(*((uint32_t *)(UID_BASE + 4U))));
 679              		.loc 1 450 4 view .LVU120
 680              		.loc 1 450 11 is_stmt 0 view .LVU121
 681 0000 014B     		ldr	r3, .L59
 682              		.loc 1 450 11 discriminator 1 view .LVU122
 683 0002 1868     		ldr	r0, [r3]
 451:Drivers/STM32F0xx_HAL_Driver/Src/stm32f0xx_hal.c **** }
 684              		.loc 1 451 1 view .LVU123
 685              		@ sp needed
 686 0004 7047     		bx	lr
 687              	.L60:
 688 0006 C046     		.align	2
 689              	.L59:
ARM GAS  /tmp/ccRSbJt0.s 			page 21


 690 0008 B0F7FF1F 		.word	536868784
 691              		.cfi_endproc
 692              	.LFE57:
 694              		.section	.text.HAL_GetUIDw2,"ax",%progbits
 695              		.align	1
 696              		.global	HAL_GetUIDw2
 697              		.syntax unified
 698              		.code	16
 699              		.thumb_func
 701              	HAL_GetUIDw2:
 702              	.LFB58:
 452:Drivers/STM32F0xx_HAL_Driver/Src/stm32f0xx_hal.c **** 
 453:Drivers/STM32F0xx_HAL_Driver/Src/stm32f0xx_hal.c **** /**
 454:Drivers/STM32F0xx_HAL_Driver/Src/stm32f0xx_hal.c ****   * @brief  Returns third word of the unique device identifier (UID based on 96 bits)
 455:Drivers/STM32F0xx_HAL_Driver/Src/stm32f0xx_hal.c ****   * @retval Device identifier
 456:Drivers/STM32F0xx_HAL_Driver/Src/stm32f0xx_hal.c ****   */
 457:Drivers/STM32F0xx_HAL_Driver/Src/stm32f0xx_hal.c **** uint32_t HAL_GetUIDw2(void)
 458:Drivers/STM32F0xx_HAL_Driver/Src/stm32f0xx_hal.c **** {
 703              		.loc 1 458 1 is_stmt 1 view -0
 704              		.cfi_startproc
 705              		@ args = 0, pretend = 0, frame = 0
 706              		@ frame_needed = 0, uses_anonymous_args = 0
 707              		@ link register save eliminated.
 459:Drivers/STM32F0xx_HAL_Driver/Src/stm32f0xx_hal.c ****    return(READ_REG(*((uint32_t *)(UID_BASE + 8U))));
 708              		.loc 1 459 4 view .LVU125
 709              		.loc 1 459 11 is_stmt 0 view .LVU126
 710 0000 014B     		ldr	r3, .L62
 711              		.loc 1 459 11 discriminator 1 view .LVU127
 712 0002 1868     		ldr	r0, [r3]
 460:Drivers/STM32F0xx_HAL_Driver/Src/stm32f0xx_hal.c **** }
 713              		.loc 1 460 1 view .LVU128
 714              		@ sp needed
 715 0004 7047     		bx	lr
 716              	.L63:
 717 0006 C046     		.align	2
 718              	.L62:
 719 0008 B4F7FF1F 		.word	536868788
 720              		.cfi_endproc
 721              	.LFE58:
 723              		.section	.text.HAL_DBGMCU_EnableDBGStopMode,"ax",%progbits
 724              		.align	1
 725              		.global	HAL_DBGMCU_EnableDBGStopMode
 726              		.syntax unified
 727              		.code	16
 728              		.thumb_func
 730              	HAL_DBGMCU_EnableDBGStopMode:
 731              	.LFB59:
 461:Drivers/STM32F0xx_HAL_Driver/Src/stm32f0xx_hal.c **** 
 462:Drivers/STM32F0xx_HAL_Driver/Src/stm32f0xx_hal.c **** /**
 463:Drivers/STM32F0xx_HAL_Driver/Src/stm32f0xx_hal.c ****   * @brief  Enable the Debug Module during STOP mode
 464:Drivers/STM32F0xx_HAL_Driver/Src/stm32f0xx_hal.c ****   * @retval None
 465:Drivers/STM32F0xx_HAL_Driver/Src/stm32f0xx_hal.c ****   */
 466:Drivers/STM32F0xx_HAL_Driver/Src/stm32f0xx_hal.c **** void HAL_DBGMCU_EnableDBGStopMode(void)
 467:Drivers/STM32F0xx_HAL_Driver/Src/stm32f0xx_hal.c **** {
 732              		.loc 1 467 1 is_stmt 1 view -0
 733              		.cfi_startproc
 734              		@ args = 0, pretend = 0, frame = 0
ARM GAS  /tmp/ccRSbJt0.s 			page 22


 735              		@ frame_needed = 0, uses_anonymous_args = 0
 736              		@ link register save eliminated.
 468:Drivers/STM32F0xx_HAL_Driver/Src/stm32f0xx_hal.c ****   SET_BIT(DBGMCU->CR, DBGMCU_CR_DBG_STOP);
 737              		.loc 1 468 3 view .LVU130
 738 0000 024A     		ldr	r2, .L65
 739 0002 5368     		ldr	r3, [r2, #4]
 740 0004 0221     		movs	r1, #2
 741 0006 0B43     		orrs	r3, r1
 742 0008 5360     		str	r3, [r2, #4]
 469:Drivers/STM32F0xx_HAL_Driver/Src/stm32f0xx_hal.c **** }
 743              		.loc 1 469 1 is_stmt 0 view .LVU131
 744              		@ sp needed
 745 000a 7047     		bx	lr
 746              	.L66:
 747              		.align	2
 748              	.L65:
 749 000c 00580140 		.word	1073829888
 750              		.cfi_endproc
 751              	.LFE59:
 753              		.section	.text.HAL_DBGMCU_DisableDBGStopMode,"ax",%progbits
 754              		.align	1
 755              		.global	HAL_DBGMCU_DisableDBGStopMode
 756              		.syntax unified
 757              		.code	16
 758              		.thumb_func
 760              	HAL_DBGMCU_DisableDBGStopMode:
 761              	.LFB60:
 470:Drivers/STM32F0xx_HAL_Driver/Src/stm32f0xx_hal.c **** 
 471:Drivers/STM32F0xx_HAL_Driver/Src/stm32f0xx_hal.c **** /**
 472:Drivers/STM32F0xx_HAL_Driver/Src/stm32f0xx_hal.c ****   * @brief  Disable the Debug Module during STOP mode
 473:Drivers/STM32F0xx_HAL_Driver/Src/stm32f0xx_hal.c ****   * @retval None
 474:Drivers/STM32F0xx_HAL_Driver/Src/stm32f0xx_hal.c ****   */
 475:Drivers/STM32F0xx_HAL_Driver/Src/stm32f0xx_hal.c **** void HAL_DBGMCU_DisableDBGStopMode(void)
 476:Drivers/STM32F0xx_HAL_Driver/Src/stm32f0xx_hal.c **** {
 762              		.loc 1 476 1 is_stmt 1 view -0
 763              		.cfi_startproc
 764              		@ args = 0, pretend = 0, frame = 0
 765              		@ frame_needed = 0, uses_anonymous_args = 0
 766              		@ link register save eliminated.
 477:Drivers/STM32F0xx_HAL_Driver/Src/stm32f0xx_hal.c ****   CLEAR_BIT(DBGMCU->CR, DBGMCU_CR_DBG_STOP);
 767              		.loc 1 477 3 view .LVU133
 768 0000 024A     		ldr	r2, .L68
 769 0002 5368     		ldr	r3, [r2, #4]
 770 0004 0221     		movs	r1, #2
 771 0006 8B43     		bics	r3, r1
 772 0008 5360     		str	r3, [r2, #4]
 478:Drivers/STM32F0xx_HAL_Driver/Src/stm32f0xx_hal.c **** }
 773              		.loc 1 478 1 is_stmt 0 view .LVU134
 774              		@ sp needed
 775 000a 7047     		bx	lr
 776              	.L69:
 777              		.align	2
 778              	.L68:
 779 000c 00580140 		.word	1073829888
 780              		.cfi_endproc
 781              	.LFE60:
 783              		.section	.text.HAL_DBGMCU_EnableDBGStandbyMode,"ax",%progbits
ARM GAS  /tmp/ccRSbJt0.s 			page 23


 784              		.align	1
 785              		.global	HAL_DBGMCU_EnableDBGStandbyMode
 786              		.syntax unified
 787              		.code	16
 788              		.thumb_func
 790              	HAL_DBGMCU_EnableDBGStandbyMode:
 791              	.LFB61:
 479:Drivers/STM32F0xx_HAL_Driver/Src/stm32f0xx_hal.c **** 
 480:Drivers/STM32F0xx_HAL_Driver/Src/stm32f0xx_hal.c **** /**
 481:Drivers/STM32F0xx_HAL_Driver/Src/stm32f0xx_hal.c ****   * @brief  Enable the Debug Module during STANDBY mode
 482:Drivers/STM32F0xx_HAL_Driver/Src/stm32f0xx_hal.c ****   * @retval None
 483:Drivers/STM32F0xx_HAL_Driver/Src/stm32f0xx_hal.c ****   */
 484:Drivers/STM32F0xx_HAL_Driver/Src/stm32f0xx_hal.c **** void HAL_DBGMCU_EnableDBGStandbyMode(void)
 485:Drivers/STM32F0xx_HAL_Driver/Src/stm32f0xx_hal.c **** {
 792              		.loc 1 485 1 is_stmt 1 view -0
 793              		.cfi_startproc
 794              		@ args = 0, pretend = 0, frame = 0
 795              		@ frame_needed = 0, uses_anonymous_args = 0
 796              		@ link register save eliminated.
 486:Drivers/STM32F0xx_HAL_Driver/Src/stm32f0xx_hal.c ****   SET_BIT(DBGMCU->CR, DBGMCU_CR_DBG_STANDBY);
 797              		.loc 1 486 3 view .LVU136
 798 0000 024A     		ldr	r2, .L71
 799 0002 5368     		ldr	r3, [r2, #4]
 800 0004 0421     		movs	r1, #4
 801 0006 0B43     		orrs	r3, r1
 802 0008 5360     		str	r3, [r2, #4]
 487:Drivers/STM32F0xx_HAL_Driver/Src/stm32f0xx_hal.c **** }
 803              		.loc 1 487 1 is_stmt 0 view .LVU137
 804              		@ sp needed
 805 000a 7047     		bx	lr
 806              	.L72:
 807              		.align	2
 808              	.L71:
 809 000c 00580140 		.word	1073829888
 810              		.cfi_endproc
 811              	.LFE61:
 813              		.section	.text.HAL_DBGMCU_DisableDBGStandbyMode,"ax",%progbits
 814              		.align	1
 815              		.global	HAL_DBGMCU_DisableDBGStandbyMode
 816              		.syntax unified
 817              		.code	16
 818              		.thumb_func
 820              	HAL_DBGMCU_DisableDBGStandbyMode:
 821              	.LFB62:
 488:Drivers/STM32F0xx_HAL_Driver/Src/stm32f0xx_hal.c **** 
 489:Drivers/STM32F0xx_HAL_Driver/Src/stm32f0xx_hal.c **** /**
 490:Drivers/STM32F0xx_HAL_Driver/Src/stm32f0xx_hal.c ****   * @brief  Disable the Debug Module during STANDBY mode
 491:Drivers/STM32F0xx_HAL_Driver/Src/stm32f0xx_hal.c ****   * @retval None
 492:Drivers/STM32F0xx_HAL_Driver/Src/stm32f0xx_hal.c ****   */
 493:Drivers/STM32F0xx_HAL_Driver/Src/stm32f0xx_hal.c **** void HAL_DBGMCU_DisableDBGStandbyMode(void)
 494:Drivers/STM32F0xx_HAL_Driver/Src/stm32f0xx_hal.c **** {
 822              		.loc 1 494 1 is_stmt 1 view -0
 823              		.cfi_startproc
 824              		@ args = 0, pretend = 0, frame = 0
 825              		@ frame_needed = 0, uses_anonymous_args = 0
 826              		@ link register save eliminated.
 495:Drivers/STM32F0xx_HAL_Driver/Src/stm32f0xx_hal.c ****   CLEAR_BIT(DBGMCU->CR, DBGMCU_CR_DBG_STANDBY);
ARM GAS  /tmp/ccRSbJt0.s 			page 24


 827              		.loc 1 495 3 view .LVU139
 828 0000 024A     		ldr	r2, .L74
 829 0002 5368     		ldr	r3, [r2, #4]
 830 0004 0421     		movs	r1, #4
 831 0006 8B43     		bics	r3, r1
 832 0008 5360     		str	r3, [r2, #4]
 496:Drivers/STM32F0xx_HAL_Driver/Src/stm32f0xx_hal.c **** }
 833              		.loc 1 496 1 is_stmt 0 view .LVU140
 834              		@ sp needed
 835 000a 7047     		bx	lr
 836              	.L75:
 837              		.align	2
 838              	.L74:
 839 000c 00580140 		.word	1073829888
 840              		.cfi_endproc
 841              	.LFE62:
 843              		.global	uwTickFreq
 844              		.section	.data.uwTickFreq,"aw"
 847              	uwTickFreq:
 848 0000 01       		.byte	1
 849              		.global	uwTickPrio
 850              		.section	.data.uwTickPrio,"aw"
 851              		.align	2
 854              	uwTickPrio:
 855 0000 04000000 		.word	4
 856              		.global	uwTick
 857              		.section	.bss.uwTick,"aw",%nobits
 858              		.align	2
 861              	uwTick:
 862 0000 00000000 		.space	4
 863              		.text
 864              	.Letext0:
 865              		.file 2 "Drivers/CMSIS/Device/ST/STM32F0xx/Include/stm32f030x8.h"
 866              		.file 3 "/usr/arm-none-eabi/include/machine/_default_types.h"
 867              		.file 4 "/usr/arm-none-eabi/include/sys/_stdint.h"
 868              		.file 5 "Drivers/CMSIS/Include/core_cm0.h"
 869              		.file 6 "Drivers/STM32F0xx_HAL_Driver/Inc/stm32f0xx_hal_def.h"
 870              		.file 7 "Drivers/STM32F0xx_HAL_Driver/Inc/stm32f0xx_hal.h"
 871              		.file 8 "Drivers/CMSIS/Device/ST/STM32F0xx/Include/system_stm32f0xx.h"
 872              		.file 9 "Drivers/STM32F0xx_HAL_Driver/Inc/stm32f0xx_hal_cortex.h"
ARM GAS  /tmp/ccRSbJt0.s 			page 25


DEFINED SYMBOLS
                            *ABS*:00000000 stm32f0xx_hal.c
     /tmp/ccRSbJt0.s:19     .text.HAL_MspInit:00000000 $t
     /tmp/ccRSbJt0.s:25     .text.HAL_MspInit:00000000 HAL_MspInit
     /tmp/ccRSbJt0.s:39     .text.HAL_MspDeInit:00000000 $t
     /tmp/ccRSbJt0.s:45     .text.HAL_MspDeInit:00000000 HAL_MspDeInit
     /tmp/ccRSbJt0.s:59     .text.HAL_DeInit:00000000 $t
     /tmp/ccRSbJt0.s:65     .text.HAL_DeInit:00000000 HAL_DeInit
     /tmp/ccRSbJt0.s:103    .text.HAL_DeInit:00000020 $d
     /tmp/ccRSbJt0.s:109    .text.HAL_InitTick:00000000 $t
     /tmp/ccRSbJt0.s:115    .text.HAL_InitTick:00000000 HAL_InitTick
     /tmp/ccRSbJt0.s:185    .text.HAL_InitTick:00000044 $d
     /tmp/ccRSbJt0.s:847    .data.uwTickFreq:00000000 uwTickFreq
     /tmp/ccRSbJt0.s:854    .data.uwTickPrio:00000000 uwTickPrio
     /tmp/ccRSbJt0.s:192    .text.HAL_Init:00000000 $t
     /tmp/ccRSbJt0.s:198    .text.HAL_Init:00000000 HAL_Init
     /tmp/ccRSbJt0.s:230    .text.HAL_Init:0000001c $d
     /tmp/ccRSbJt0.s:235    .text.HAL_IncTick:00000000 $t
     /tmp/ccRSbJt0.s:241    .text.HAL_IncTick:00000000 HAL_IncTick
     /tmp/ccRSbJt0.s:262    .text.HAL_IncTick:00000010 $d
     /tmp/ccRSbJt0.s:861    .bss.uwTick:00000000 uwTick
     /tmp/ccRSbJt0.s:268    .text.HAL_GetTick:00000000 $t
     /tmp/ccRSbJt0.s:274    .text.HAL_GetTick:00000000 HAL_GetTick
     /tmp/ccRSbJt0.s:291    .text.HAL_GetTick:00000008 $d
     /tmp/ccRSbJt0.s:296    .text.HAL_GetTickPrio:00000000 $t
     /tmp/ccRSbJt0.s:302    .text.HAL_GetTickPrio:00000000 HAL_GetTickPrio
     /tmp/ccRSbJt0.s:320    .text.HAL_GetTickPrio:00000008 $d
     /tmp/ccRSbJt0.s:325    .text.HAL_SetTickFreq:00000000 $t
     /tmp/ccRSbJt0.s:331    .text.HAL_SetTickFreq:00000000 HAL_SetTickFreq
     /tmp/ccRSbJt0.s:389    .text.HAL_SetTickFreq:00000024 $d
     /tmp/ccRSbJt0.s:395    .text.HAL_GetTickFreq:00000000 $t
     /tmp/ccRSbJt0.s:401    .text.HAL_GetTickFreq:00000000 HAL_GetTickFreq
     /tmp/ccRSbJt0.s:419    .text.HAL_GetTickFreq:00000008 $d
     /tmp/ccRSbJt0.s:424    .text.HAL_Delay:00000000 $t
     /tmp/ccRSbJt0.s:430    .text.HAL_Delay:00000000 HAL_Delay
     /tmp/ccRSbJt0.s:485    .text.HAL_Delay:00000020 $d
     /tmp/ccRSbJt0.s:490    .text.HAL_SuspendTick:00000000 $t
     /tmp/ccRSbJt0.s:496    .text.HAL_SuspendTick:00000000 HAL_SuspendTick
     /tmp/ccRSbJt0.s:515    .text.HAL_SuspendTick:0000000c $d
     /tmp/ccRSbJt0.s:520    .text.HAL_ResumeTick:00000000 $t
     /tmp/ccRSbJt0.s:526    .text.HAL_ResumeTick:00000000 HAL_ResumeTick
     /tmp/ccRSbJt0.s:545    .text.HAL_ResumeTick:0000000c $d
     /tmp/ccRSbJt0.s:550    .text.HAL_GetHalVersion:00000000 $t
     /tmp/ccRSbJt0.s:556    .text.HAL_GetHalVersion:00000000 HAL_GetHalVersion
     /tmp/ccRSbJt0.s:571    .text.HAL_GetHalVersion:00000004 $d
     /tmp/ccRSbJt0.s:576    .text.HAL_GetREVID:00000000 $t
     /tmp/ccRSbJt0.s:582    .text.HAL_GetREVID:00000000 HAL_GetREVID
     /tmp/ccRSbJt0.s:601    .text.HAL_GetREVID:00000008 $d
     /tmp/ccRSbJt0.s:606    .text.HAL_GetDEVID:00000000 $t
     /tmp/ccRSbJt0.s:612    .text.HAL_GetDEVID:00000000 HAL_GetDEVID
     /tmp/ccRSbJt0.s:632    .text.HAL_GetDEVID:0000000c $d
     /tmp/ccRSbJt0.s:637    .text.HAL_GetUIDw0:00000000 $t
     /tmp/ccRSbJt0.s:643    .text.HAL_GetUIDw0:00000000 HAL_GetUIDw0
     /tmp/ccRSbJt0.s:661    .text.HAL_GetUIDw0:00000008 $d
     /tmp/ccRSbJt0.s:666    .text.HAL_GetUIDw1:00000000 $t
     /tmp/ccRSbJt0.s:672    .text.HAL_GetUIDw1:00000000 HAL_GetUIDw1
     /tmp/ccRSbJt0.s:690    .text.HAL_GetUIDw1:00000008 $d
ARM GAS  /tmp/ccRSbJt0.s 			page 26


     /tmp/ccRSbJt0.s:695    .text.HAL_GetUIDw2:00000000 $t
     /tmp/ccRSbJt0.s:701    .text.HAL_GetUIDw2:00000000 HAL_GetUIDw2
     /tmp/ccRSbJt0.s:719    .text.HAL_GetUIDw2:00000008 $d
     /tmp/ccRSbJt0.s:724    .text.HAL_DBGMCU_EnableDBGStopMode:00000000 $t
     /tmp/ccRSbJt0.s:730    .text.HAL_DBGMCU_EnableDBGStopMode:00000000 HAL_DBGMCU_EnableDBGStopMode
     /tmp/ccRSbJt0.s:749    .text.HAL_DBGMCU_EnableDBGStopMode:0000000c $d
     /tmp/ccRSbJt0.s:754    .text.HAL_DBGMCU_DisableDBGStopMode:00000000 $t
     /tmp/ccRSbJt0.s:760    .text.HAL_DBGMCU_DisableDBGStopMode:00000000 HAL_DBGMCU_DisableDBGStopMode
     /tmp/ccRSbJt0.s:779    .text.HAL_DBGMCU_DisableDBGStopMode:0000000c $d
     /tmp/ccRSbJt0.s:784    .text.HAL_DBGMCU_EnableDBGStandbyMode:00000000 $t
     /tmp/ccRSbJt0.s:790    .text.HAL_DBGMCU_EnableDBGStandbyMode:00000000 HAL_DBGMCU_EnableDBGStandbyMode
     /tmp/ccRSbJt0.s:809    .text.HAL_DBGMCU_EnableDBGStandbyMode:0000000c $d
     /tmp/ccRSbJt0.s:814    .text.HAL_DBGMCU_DisableDBGStandbyMode:00000000 $t
     /tmp/ccRSbJt0.s:820    .text.HAL_DBGMCU_DisableDBGStandbyMode:00000000 HAL_DBGMCU_DisableDBGStandbyMode
     /tmp/ccRSbJt0.s:839    .text.HAL_DBGMCU_DisableDBGStandbyMode:0000000c $d
     /tmp/ccRSbJt0.s:851    .data.uwTickPrio:00000000 $d
     /tmp/ccRSbJt0.s:858    .bss.uwTick:00000000 $d

UNDEFINED SYMBOLS
__aeabi_uidiv
HAL_SYSTICK_Config
HAL_NVIC_SetPriority
SystemCoreClock
