ARM GAS  /tmp/ccsL45zy.s 			page 1


   1              		.cpu cortex-m0
   2              		.arch armv6s-m
   3              		.fpu softvfp
   4              		.eabi_attribute 20, 1
   5              		.eabi_attribute 21, 1
   6              		.eabi_attribute 23, 3
   7              		.eabi_attribute 24, 1
   8              		.eabi_attribute 25, 1
   9              		.eabi_attribute 26, 1
  10              		.eabi_attribute 30, 1
  11              		.eabi_attribute 34, 0
  12              		.eabi_attribute 18, 4
  13              		.file	"stm32f0xx_hal_adc_ex.c"
  14              		.text
  15              	.Ltext0:
  16              		.cfi_sections	.debug_frame
  17              		.file 1 "Drivers/STM32F0xx_HAL_Driver/Src/stm32f0xx_hal_adc_ex.c"
  18              		.section	.text.HAL_ADCEx_Calibration_Start,"ax",%progbits
  19              		.align	1
  20              		.global	HAL_ADCEx_Calibration_Start
  21              		.syntax unified
  22              		.code	16
  23              		.thumb_func
  25              	HAL_ADCEx_Calibration_Start:
  26              	.LVL0:
  27              	.LFB40:
   1:Drivers/STM32F0xx_HAL_Driver/Src/stm32f0xx_hal_adc_ex.c **** /**
   2:Drivers/STM32F0xx_HAL_Driver/Src/stm32f0xx_hal_adc_ex.c ****   ******************************************************************************
   3:Drivers/STM32F0xx_HAL_Driver/Src/stm32f0xx_hal_adc_ex.c ****   * @file    stm32f0xx_hal_adc_ex.c
   4:Drivers/STM32F0xx_HAL_Driver/Src/stm32f0xx_hal_adc_ex.c ****   * @author  MCD Application Team
   5:Drivers/STM32F0xx_HAL_Driver/Src/stm32f0xx_hal_adc_ex.c ****   * @brief   This file provides firmware functions to manage the following 
   6:Drivers/STM32F0xx_HAL_Driver/Src/stm32f0xx_hal_adc_ex.c ****   *          functionalities of the Analog to Digital Convertor (ADC)
   7:Drivers/STM32F0xx_HAL_Driver/Src/stm32f0xx_hal_adc_ex.c ****   *          peripheral:
   8:Drivers/STM32F0xx_HAL_Driver/Src/stm32f0xx_hal_adc_ex.c ****   *           + Peripheral Control functions
   9:Drivers/STM32F0xx_HAL_Driver/Src/stm32f0xx_hal_adc_ex.c ****   *          Other functions (generic functions) are available in file 
  10:Drivers/STM32F0xx_HAL_Driver/Src/stm32f0xx_hal_adc_ex.c ****   *          "stm32f0xx_hal_adc.c".
  11:Drivers/STM32F0xx_HAL_Driver/Src/stm32f0xx_hal_adc_ex.c ****   *
  12:Drivers/STM32F0xx_HAL_Driver/Src/stm32f0xx_hal_adc_ex.c ****   ******************************************************************************
  13:Drivers/STM32F0xx_HAL_Driver/Src/stm32f0xx_hal_adc_ex.c ****   * @attention
  14:Drivers/STM32F0xx_HAL_Driver/Src/stm32f0xx_hal_adc_ex.c ****   *
  15:Drivers/STM32F0xx_HAL_Driver/Src/stm32f0xx_hal_adc_ex.c ****   * Copyright (c) 2016 STMicroelectronics.
  16:Drivers/STM32F0xx_HAL_Driver/Src/stm32f0xx_hal_adc_ex.c ****   * All rights reserved.
  17:Drivers/STM32F0xx_HAL_Driver/Src/stm32f0xx_hal_adc_ex.c ****   *
  18:Drivers/STM32F0xx_HAL_Driver/Src/stm32f0xx_hal_adc_ex.c ****   * This software is licensed under terms that can be found in the LICENSE file
  19:Drivers/STM32F0xx_HAL_Driver/Src/stm32f0xx_hal_adc_ex.c ****   * in the root directory of this software component.
  20:Drivers/STM32F0xx_HAL_Driver/Src/stm32f0xx_hal_adc_ex.c ****   * If no LICENSE file comes with this software, it is provided AS-IS.
  21:Drivers/STM32F0xx_HAL_Driver/Src/stm32f0xx_hal_adc_ex.c ****   *
  22:Drivers/STM32F0xx_HAL_Driver/Src/stm32f0xx_hal_adc_ex.c ****   ******************************************************************************
  23:Drivers/STM32F0xx_HAL_Driver/Src/stm32f0xx_hal_adc_ex.c ****   @verbatim
  24:Drivers/STM32F0xx_HAL_Driver/Src/stm32f0xx_hal_adc_ex.c ****   [..] 
  25:Drivers/STM32F0xx_HAL_Driver/Src/stm32f0xx_hal_adc_ex.c ****   (@) Sections "ADC peripheral features" and "How to use this driver" are
  26:Drivers/STM32F0xx_HAL_Driver/Src/stm32f0xx_hal_adc_ex.c ****       available in file of generic functions "stm32l1xx_hal_adc.c".
  27:Drivers/STM32F0xx_HAL_Driver/Src/stm32f0xx_hal_adc_ex.c ****   [..]
  28:Drivers/STM32F0xx_HAL_Driver/Src/stm32f0xx_hal_adc_ex.c ****   @endverbatim
  29:Drivers/STM32F0xx_HAL_Driver/Src/stm32f0xx_hal_adc_ex.c ****   */
  30:Drivers/STM32F0xx_HAL_Driver/Src/stm32f0xx_hal_adc_ex.c **** 
  31:Drivers/STM32F0xx_HAL_Driver/Src/stm32f0xx_hal_adc_ex.c **** /* Includes ------------------------------------------------------------------*/
ARM GAS  /tmp/ccsL45zy.s 			page 2


  32:Drivers/STM32F0xx_HAL_Driver/Src/stm32f0xx_hal_adc_ex.c **** #include "stm32f0xx_hal.h"
  33:Drivers/STM32F0xx_HAL_Driver/Src/stm32f0xx_hal_adc_ex.c **** 
  34:Drivers/STM32F0xx_HAL_Driver/Src/stm32f0xx_hal_adc_ex.c **** /** @addtogroup STM32F0xx_HAL_Driver
  35:Drivers/STM32F0xx_HAL_Driver/Src/stm32f0xx_hal_adc_ex.c ****   * @{
  36:Drivers/STM32F0xx_HAL_Driver/Src/stm32f0xx_hal_adc_ex.c ****   */
  37:Drivers/STM32F0xx_HAL_Driver/Src/stm32f0xx_hal_adc_ex.c **** 
  38:Drivers/STM32F0xx_HAL_Driver/Src/stm32f0xx_hal_adc_ex.c **** /** @defgroup ADCEx ADCEx
  39:Drivers/STM32F0xx_HAL_Driver/Src/stm32f0xx_hal_adc_ex.c ****   * @brief ADC HAL module driver
  40:Drivers/STM32F0xx_HAL_Driver/Src/stm32f0xx_hal_adc_ex.c ****   * @{
  41:Drivers/STM32F0xx_HAL_Driver/Src/stm32f0xx_hal_adc_ex.c ****   */
  42:Drivers/STM32F0xx_HAL_Driver/Src/stm32f0xx_hal_adc_ex.c **** 
  43:Drivers/STM32F0xx_HAL_Driver/Src/stm32f0xx_hal_adc_ex.c **** #ifdef HAL_ADC_MODULE_ENABLED
  44:Drivers/STM32F0xx_HAL_Driver/Src/stm32f0xx_hal_adc_ex.c **** 
  45:Drivers/STM32F0xx_HAL_Driver/Src/stm32f0xx_hal_adc_ex.c **** /* Private typedef -----------------------------------------------------------*/
  46:Drivers/STM32F0xx_HAL_Driver/Src/stm32f0xx_hal_adc_ex.c **** /* Private define ------------------------------------------------------------*/
  47:Drivers/STM32F0xx_HAL_Driver/Src/stm32f0xx_hal_adc_ex.c **** /** @defgroup ADCEx_Private_Constants ADCEx Private Constants
  48:Drivers/STM32F0xx_HAL_Driver/Src/stm32f0xx_hal_adc_ex.c ****   * @{
  49:Drivers/STM32F0xx_HAL_Driver/Src/stm32f0xx_hal_adc_ex.c ****   */ 
  50:Drivers/STM32F0xx_HAL_Driver/Src/stm32f0xx_hal_adc_ex.c ****  
  51:Drivers/STM32F0xx_HAL_Driver/Src/stm32f0xx_hal_adc_ex.c **** /* Fixed timeout values for ADC calibration, enable settling time, disable  */
  52:Drivers/STM32F0xx_HAL_Driver/Src/stm32f0xx_hal_adc_ex.c ****   /* settling time.                                                           */
  53:Drivers/STM32F0xx_HAL_Driver/Src/stm32f0xx_hal_adc_ex.c ****   /* Values defined to be higher than worst cases: low clock frequency,       */
  54:Drivers/STM32F0xx_HAL_Driver/Src/stm32f0xx_hal_adc_ex.c ****   /* maximum prescaler.                                                       */
  55:Drivers/STM32F0xx_HAL_Driver/Src/stm32f0xx_hal_adc_ex.c ****   /* Ex of profile low frequency : Clock source at 0.1 MHz, ADC clock         */
  56:Drivers/STM32F0xx_HAL_Driver/Src/stm32f0xx_hal_adc_ex.c ****   /* prescaler 4.                                                             */
  57:Drivers/STM32F0xx_HAL_Driver/Src/stm32f0xx_hal_adc_ex.c ****   /* Unit: ms                                                                 */
  58:Drivers/STM32F0xx_HAL_Driver/Src/stm32f0xx_hal_adc_ex.c ****   #define ADC_DISABLE_TIMEOUT           2
  59:Drivers/STM32F0xx_HAL_Driver/Src/stm32f0xx_hal_adc_ex.c ****   #define ADC_CALIBRATION_TIMEOUT       2U      
  60:Drivers/STM32F0xx_HAL_Driver/Src/stm32f0xx_hal_adc_ex.c **** /**
  61:Drivers/STM32F0xx_HAL_Driver/Src/stm32f0xx_hal_adc_ex.c ****   * @}
  62:Drivers/STM32F0xx_HAL_Driver/Src/stm32f0xx_hal_adc_ex.c ****   */
  63:Drivers/STM32F0xx_HAL_Driver/Src/stm32f0xx_hal_adc_ex.c **** 
  64:Drivers/STM32F0xx_HAL_Driver/Src/stm32f0xx_hal_adc_ex.c **** /* Private macros -------------------------------------------------------------*/
  65:Drivers/STM32F0xx_HAL_Driver/Src/stm32f0xx_hal_adc_ex.c **** /* Private variables ---------------------------------------------------------*/
  66:Drivers/STM32F0xx_HAL_Driver/Src/stm32f0xx_hal_adc_ex.c **** /* Private function prototypes -----------------------------------------------*/
  67:Drivers/STM32F0xx_HAL_Driver/Src/stm32f0xx_hal_adc_ex.c **** /* Private functions ---------------------------------------------------------*/
  68:Drivers/STM32F0xx_HAL_Driver/Src/stm32f0xx_hal_adc_ex.c **** 
  69:Drivers/STM32F0xx_HAL_Driver/Src/stm32f0xx_hal_adc_ex.c **** /** @defgroup ADCEx_Exported_Functions ADCEx Exported Functions
  70:Drivers/STM32F0xx_HAL_Driver/Src/stm32f0xx_hal_adc_ex.c ****   * @{
  71:Drivers/STM32F0xx_HAL_Driver/Src/stm32f0xx_hal_adc_ex.c ****   */
  72:Drivers/STM32F0xx_HAL_Driver/Src/stm32f0xx_hal_adc_ex.c **** 
  73:Drivers/STM32F0xx_HAL_Driver/Src/stm32f0xx_hal_adc_ex.c **** /** @defgroup ADCEx_Exported_Functions_Group1 Extended Initialization/de-initialization functions 
  74:Drivers/STM32F0xx_HAL_Driver/Src/stm32f0xx_hal_adc_ex.c ****  *  @brief    Extended Initialization and Configuration functions
  75:Drivers/STM32F0xx_HAL_Driver/Src/stm32f0xx_hal_adc_ex.c ****  *
  76:Drivers/STM32F0xx_HAL_Driver/Src/stm32f0xx_hal_adc_ex.c **** @verbatim
  77:Drivers/STM32F0xx_HAL_Driver/Src/stm32f0xx_hal_adc_ex.c ****  ===============================================================================
  78:Drivers/STM32F0xx_HAL_Driver/Src/stm32f0xx_hal_adc_ex.c ****                       ##### IO operation functions #####
  79:Drivers/STM32F0xx_HAL_Driver/Src/stm32f0xx_hal_adc_ex.c ****  ===============================================================================
  80:Drivers/STM32F0xx_HAL_Driver/Src/stm32f0xx_hal_adc_ex.c ****     [..]  This section provides functions allowing to:
  81:Drivers/STM32F0xx_HAL_Driver/Src/stm32f0xx_hal_adc_ex.c ****       (+) Perform the ADC calibration. 
  82:Drivers/STM32F0xx_HAL_Driver/Src/stm32f0xx_hal_adc_ex.c **** @endverbatim
  83:Drivers/STM32F0xx_HAL_Driver/Src/stm32f0xx_hal_adc_ex.c ****   * @{
  84:Drivers/STM32F0xx_HAL_Driver/Src/stm32f0xx_hal_adc_ex.c ****   */
  85:Drivers/STM32F0xx_HAL_Driver/Src/stm32f0xx_hal_adc_ex.c **** 
  86:Drivers/STM32F0xx_HAL_Driver/Src/stm32f0xx_hal_adc_ex.c **** /**
  87:Drivers/STM32F0xx_HAL_Driver/Src/stm32f0xx_hal_adc_ex.c ****   * @brief  Perform an ADC automatic self-calibration
  88:Drivers/STM32F0xx_HAL_Driver/Src/stm32f0xx_hal_adc_ex.c ****   *         Calibration prerequisite: ADC must be disabled (execute this
ARM GAS  /tmp/ccsL45zy.s 			page 3


  89:Drivers/STM32F0xx_HAL_Driver/Src/stm32f0xx_hal_adc_ex.c ****   *         function before HAL_ADC_Start() or after HAL_ADC_Stop() ).
  90:Drivers/STM32F0xx_HAL_Driver/Src/stm32f0xx_hal_adc_ex.c ****   * @note   Calibration factor can be read after calibration, using function
  91:Drivers/STM32F0xx_HAL_Driver/Src/stm32f0xx_hal_adc_ex.c ****   *         HAL_ADC_GetValue() (value on 7 bits: from DR[6;0]).
  92:Drivers/STM32F0xx_HAL_Driver/Src/stm32f0xx_hal_adc_ex.c ****   * @param  hadc ADC handle
  93:Drivers/STM32F0xx_HAL_Driver/Src/stm32f0xx_hal_adc_ex.c ****   * @retval HAL status
  94:Drivers/STM32F0xx_HAL_Driver/Src/stm32f0xx_hal_adc_ex.c ****   */
  95:Drivers/STM32F0xx_HAL_Driver/Src/stm32f0xx_hal_adc_ex.c **** HAL_StatusTypeDef HAL_ADCEx_Calibration_Start(ADC_HandleTypeDef* hadc)
  96:Drivers/STM32F0xx_HAL_Driver/Src/stm32f0xx_hal_adc_ex.c **** {
  28              		.loc 1 96 1 view -0
  29              		.cfi_startproc
  30              		@ args = 0, pretend = 0, frame = 0
  31              		@ frame_needed = 0, uses_anonymous_args = 0
  32              		.loc 1 96 1 is_stmt 0 view .LVU1
  33 0000 70B5     		push	{r4, r5, r6, lr}
  34              	.LCFI0:
  35              		.cfi_def_cfa_offset 16
  36              		.cfi_offset 4, -16
  37              		.cfi_offset 5, -12
  38              		.cfi_offset 6, -8
  39              		.cfi_offset 14, -4
  40 0002 0400     		movs	r4, r0
  97:Drivers/STM32F0xx_HAL_Driver/Src/stm32f0xx_hal_adc_ex.c ****   HAL_StatusTypeDef tmp_hal_status = HAL_OK;
  41              		.loc 1 97 3 is_stmt 1 view .LVU2
  42              	.LVL1:
  98:Drivers/STM32F0xx_HAL_Driver/Src/stm32f0xx_hal_adc_ex.c ****   uint32_t tickstart = 0U;
  43              		.loc 1 98 3 view .LVU3
  99:Drivers/STM32F0xx_HAL_Driver/Src/stm32f0xx_hal_adc_ex.c ****   uint32_t backup_setting_adc_dma_transfer = 0; /* Note: Variable not declared as volatile because 
  44              		.loc 1 99 3 view .LVU4
 100:Drivers/STM32F0xx_HAL_Driver/Src/stm32f0xx_hal_adc_ex.c ****   
 101:Drivers/STM32F0xx_HAL_Driver/Src/stm32f0xx_hal_adc_ex.c ****   /* Check the parameters */
 102:Drivers/STM32F0xx_HAL_Driver/Src/stm32f0xx_hal_adc_ex.c ****   assert_param(IS_ADC_ALL_INSTANCE(hadc->Instance));
  45              		.loc 1 102 3 view .LVU5
 103:Drivers/STM32F0xx_HAL_Driver/Src/stm32f0xx_hal_adc_ex.c **** 
 104:Drivers/STM32F0xx_HAL_Driver/Src/stm32f0xx_hal_adc_ex.c ****   /* Process locked */
 105:Drivers/STM32F0xx_HAL_Driver/Src/stm32f0xx_hal_adc_ex.c ****   __HAL_LOCK(hadc);
  46              		.loc 1 105 3 view .LVU6
  47              		.loc 1 105 3 view .LVU7
  48 0004 3423     		movs	r3, #52
  49 0006 C35C     		ldrb	r3, [r0, r3]
  50 0008 012B     		cmp	r3, #1
  51 000a 50D0     		beq	.L8
  52              		.loc 1 105 3 discriminator 2 view .LVU8
  53 000c 3423     		movs	r3, #52
  54 000e 0122     		movs	r2, #1
  55 0010 C254     		strb	r2, [r0, r3]
  56              		.loc 1 105 3 discriminator 2 view .LVU9
 106:Drivers/STM32F0xx_HAL_Driver/Src/stm32f0xx_hal_adc_ex.c ****   
 107:Drivers/STM32F0xx_HAL_Driver/Src/stm32f0xx_hal_adc_ex.c ****   /* Calibration prerequisite: ADC must be disabled. */
 108:Drivers/STM32F0xx_HAL_Driver/Src/stm32f0xx_hal_adc_ex.c ****   if (ADC_IS_ENABLE(hadc) == RESET)
  57              		.loc 1 108 3 view .LVU10
  58              		.loc 1 108 7 is_stmt 0 view .LVU11
  59 0012 0368     		ldr	r3, [r0]
  60 0014 9968     		ldr	r1, [r3, #8]
  61 0016 0232     		adds	r2, r2, #2
  62 0018 0A40     		ands	r2, r1
  63 001a 012A     		cmp	r2, #1
  64 001c 05D1     		bne	.L3
ARM GAS  /tmp/ccsL45zy.s 			page 4


  65              		.loc 1 108 7 discriminator 1 view .LVU12
  66 001e 1A68     		ldr	r2, [r3]
  67 0020 D207     		lsls	r2, r2, #31
  68 0022 3ED4     		bmi	.L4
  69              		.loc 1 108 7 discriminator 4 view .LVU13
  70 0024 DA68     		ldr	r2, [r3, #12]
  71 0026 1204     		lsls	r2, r2, #16
  72 0028 3BD4     		bmi	.L4
  73              	.L3:
 109:Drivers/STM32F0xx_HAL_Driver/Src/stm32f0xx_hal_adc_ex.c ****   {
 110:Drivers/STM32F0xx_HAL_Driver/Src/stm32f0xx_hal_adc_ex.c ****     /* Set ADC state */
 111:Drivers/STM32F0xx_HAL_Driver/Src/stm32f0xx_hal_adc_ex.c ****     ADC_STATE_CLR_SET(hadc->State, 
  74              		.loc 1 111 5 is_stmt 1 view .LVU14
  75 002a A26B     		ldr	r2, [r4, #56]
  76 002c 2149     		ldr	r1, .L12
  77 002e 0A40     		ands	r2, r1
  78 0030 0631     		adds	r1, r1, #6
  79 0032 FF31     		adds	r1, r1, #255
  80 0034 0A43     		orrs	r2, r1
  81 0036 A263     		str	r2, [r4, #56]
 112:Drivers/STM32F0xx_HAL_Driver/Src/stm32f0xx_hal_adc_ex.c ****                       HAL_ADC_STATE_REG_BUSY,
 113:Drivers/STM32F0xx_HAL_Driver/Src/stm32f0xx_hal_adc_ex.c ****                       HAL_ADC_STATE_BUSY_INTERNAL);
 114:Drivers/STM32F0xx_HAL_Driver/Src/stm32f0xx_hal_adc_ex.c ****     
 115:Drivers/STM32F0xx_HAL_Driver/Src/stm32f0xx_hal_adc_ex.c ****     /* Disable ADC DMA transfer request during calibration */
 116:Drivers/STM32F0xx_HAL_Driver/Src/stm32f0xx_hal_adc_ex.c ****     /* Note: Specificity of this STM32 series: Calibration factor is           */
 117:Drivers/STM32F0xx_HAL_Driver/Src/stm32f0xx_hal_adc_ex.c ****     /*       available in data register and also transferred by DMA.           */
 118:Drivers/STM32F0xx_HAL_Driver/Src/stm32f0xx_hal_adc_ex.c ****     /*       To not insert ADC calibration factor among ADC conversion data   */
 119:Drivers/STM32F0xx_HAL_Driver/Src/stm32f0xx_hal_adc_ex.c ****     /*       in array variable, DMA transfer must be disabled during          */
 120:Drivers/STM32F0xx_HAL_Driver/Src/stm32f0xx_hal_adc_ex.c ****     /*       calibration.                                                     */
 121:Drivers/STM32F0xx_HAL_Driver/Src/stm32f0xx_hal_adc_ex.c ****     backup_setting_adc_dma_transfer = READ_BIT(hadc->Instance->CFGR1, ADC_CFGR1_DMAEN | ADC_CFGR1_D
  82              		.loc 1 121 5 view .LVU15
  83              		.loc 1 121 39 is_stmt 0 view .LVU16
  84 0038 DE68     		ldr	r6, [r3, #12]
  85              		.loc 1 121 37 view .LVU17
  86 003a 0131     		adds	r1, r1, #1
  87 003c 0E40     		ands	r6, r1
  88              	.LVL2:
 122:Drivers/STM32F0xx_HAL_Driver/Src/stm32f0xx_hal_adc_ex.c ****     CLEAR_BIT(hadc->Instance->CFGR1, ADC_CFGR1_DMAEN | ADC_CFGR1_DMACFG);
  89              		.loc 1 122 5 is_stmt 1 view .LVU18
  90 003e DA68     		ldr	r2, [r3, #12]
  91 0040 8A43     		bics	r2, r1
  92 0042 DA60     		str	r2, [r3, #12]
 123:Drivers/STM32F0xx_HAL_Driver/Src/stm32f0xx_hal_adc_ex.c **** 
 124:Drivers/STM32F0xx_HAL_Driver/Src/stm32f0xx_hal_adc_ex.c ****     /* Start ADC calibration */
 125:Drivers/STM32F0xx_HAL_Driver/Src/stm32f0xx_hal_adc_ex.c ****     hadc->Instance->CR |= ADC_CR_ADCAL;
  93              		.loc 1 125 5 view .LVU19
  94              		.loc 1 125 9 is_stmt 0 view .LVU20
  95 0044 2268     		ldr	r2, [r4]
  96              		.loc 1 125 19 view .LVU21
  97 0046 9168     		ldr	r1, [r2, #8]
  98              		.loc 1 125 24 view .LVU22
  99 0048 8023     		movs	r3, #128
 100 004a 1B06     		lsls	r3, r3, #24
 101 004c 0B43     		orrs	r3, r1
 102 004e 9360     		str	r3, [r2, #8]
 126:Drivers/STM32F0xx_HAL_Driver/Src/stm32f0xx_hal_adc_ex.c **** 
 127:Drivers/STM32F0xx_HAL_Driver/Src/stm32f0xx_hal_adc_ex.c ****     tickstart = HAL_GetTick();  
ARM GAS  /tmp/ccsL45zy.s 			page 5


 103              		.loc 1 127 5 is_stmt 1 view .LVU23
 104              		.loc 1 127 17 is_stmt 0 view .LVU24
 105 0050 FFF7FEFF 		bl	HAL_GetTick
 106              	.LVL3:
 107              		.loc 1 127 17 view .LVU25
 108 0054 0500     		movs	r5, r0
 109              	.LVL4:
 128:Drivers/STM32F0xx_HAL_Driver/Src/stm32f0xx_hal_adc_ex.c **** 
 129:Drivers/STM32F0xx_HAL_Driver/Src/stm32f0xx_hal_adc_ex.c ****     /* Wait for calibration completion */
 130:Drivers/STM32F0xx_HAL_Driver/Src/stm32f0xx_hal_adc_ex.c ****     while(HAL_IS_BIT_SET(hadc->Instance->CR, ADC_CR_ADCAL))
 110              		.loc 1 130 5 is_stmt 1 view .LVU26
 111              	.L5:
 112              		.loc 1 130 11 view .LVU27
 113 0056 2368     		ldr	r3, [r4]
 114 0058 9A68     		ldr	r2, [r3, #8]
 115 005a 002A     		cmp	r2, #0
 116 005c 13DA     		bge	.L11
 131:Drivers/STM32F0xx_HAL_Driver/Src/stm32f0xx_hal_adc_ex.c ****     {
 132:Drivers/STM32F0xx_HAL_Driver/Src/stm32f0xx_hal_adc_ex.c ****       if((HAL_GetTick() - tickstart) > ADC_CALIBRATION_TIMEOUT)
 117              		.loc 1 132 7 view .LVU28
 118              		.loc 1 132 11 is_stmt 0 view .LVU29
 119 005e FFF7FEFF 		bl	HAL_GetTick
 120              	.LVL5:
 121              		.loc 1 132 25 discriminator 1 view .LVU30
 122 0062 401B     		subs	r0, r0, r5
 123              		.loc 1 132 9 discriminator 1 view .LVU31
 124 0064 0228     		cmp	r0, #2
 125 0066 F6D9     		bls	.L5
 133:Drivers/STM32F0xx_HAL_Driver/Src/stm32f0xx_hal_adc_ex.c ****       {
 134:Drivers/STM32F0xx_HAL_Driver/Src/stm32f0xx_hal_adc_ex.c ****         /* New check to avoid false timeout detection in case of preemption */
 135:Drivers/STM32F0xx_HAL_Driver/Src/stm32f0xx_hal_adc_ex.c ****         if(HAL_IS_BIT_SET(hadc->Instance->CR, ADC_CR_ADCAL))
 126              		.loc 1 135 9 is_stmt 1 view .LVU32
 127              		.loc 1 135 12 is_stmt 0 view .LVU33
 128 0068 2368     		ldr	r3, [r4]
 129 006a 9B68     		ldr	r3, [r3, #8]
 130              		.loc 1 135 11 view .LVU34
 131 006c 002B     		cmp	r3, #0
 132 006e F2DA     		bge	.L5
 136:Drivers/STM32F0xx_HAL_Driver/Src/stm32f0xx_hal_adc_ex.c ****         {
 137:Drivers/STM32F0xx_HAL_Driver/Src/stm32f0xx_hal_adc_ex.c ****           /* Update ADC state machine to error */
 138:Drivers/STM32F0xx_HAL_Driver/Src/stm32f0xx_hal_adc_ex.c ****           ADC_STATE_CLR_SET(hadc->State,
 133              		.loc 1 138 11 is_stmt 1 view .LVU35
 134 0070 A36B     		ldr	r3, [r4, #56]
 135 0072 1222     		movs	r2, #18
 136 0074 9343     		bics	r3, r2
 137 0076 023A     		subs	r2, r2, #2
 138 0078 1343     		orrs	r3, r2
 139 007a A363     		str	r3, [r4, #56]
 139:Drivers/STM32F0xx_HAL_Driver/Src/stm32f0xx_hal_adc_ex.c ****                             HAL_ADC_STATE_BUSY_INTERNAL,
 140:Drivers/STM32F0xx_HAL_Driver/Src/stm32f0xx_hal_adc_ex.c ****                             HAL_ADC_STATE_ERROR_INTERNAL);
 141:Drivers/STM32F0xx_HAL_Driver/Src/stm32f0xx_hal_adc_ex.c **** 
 142:Drivers/STM32F0xx_HAL_Driver/Src/stm32f0xx_hal_adc_ex.c ****           /* Process unlocked */
 143:Drivers/STM32F0xx_HAL_Driver/Src/stm32f0xx_hal_adc_ex.c ****           __HAL_UNLOCK(hadc);
 140              		.loc 1 143 11 view .LVU36
 141              		.loc 1 143 11 view .LVU37
 142 007c 3423     		movs	r3, #52
 143 007e 0022     		movs	r2, #0
ARM GAS  /tmp/ccsL45zy.s 			page 6


 144 0080 E254     		strb	r2, [r4, r3]
 145              		.loc 1 143 11 view .LVU38
 144:Drivers/STM32F0xx_HAL_Driver/Src/stm32f0xx_hal_adc_ex.c **** 
 145:Drivers/STM32F0xx_HAL_Driver/Src/stm32f0xx_hal_adc_ex.c ****           return HAL_ERROR;
 146              		.loc 1 145 11 view .LVU39
 147              		.loc 1 145 18 is_stmt 0 view .LVU40
 148 0082 0120     		movs	r0, #1
 149 0084 0CE0     		b	.L2
 150              	.L11:
 146:Drivers/STM32F0xx_HAL_Driver/Src/stm32f0xx_hal_adc_ex.c ****         }
 147:Drivers/STM32F0xx_HAL_Driver/Src/stm32f0xx_hal_adc_ex.c ****       }
 148:Drivers/STM32F0xx_HAL_Driver/Src/stm32f0xx_hal_adc_ex.c ****     }
 149:Drivers/STM32F0xx_HAL_Driver/Src/stm32f0xx_hal_adc_ex.c ****     
 150:Drivers/STM32F0xx_HAL_Driver/Src/stm32f0xx_hal_adc_ex.c ****     /* Restore ADC DMA transfer request after calibration */
 151:Drivers/STM32F0xx_HAL_Driver/Src/stm32f0xx_hal_adc_ex.c ****     SET_BIT(hadc->Instance->CFGR1, backup_setting_adc_dma_transfer);
 151              		.loc 1 151 5 is_stmt 1 view .LVU41
 152 0086 DA68     		ldr	r2, [r3, #12]
 153 0088 3243     		orrs	r2, r6
 154 008a DA60     		str	r2, [r3, #12]
 152:Drivers/STM32F0xx_HAL_Driver/Src/stm32f0xx_hal_adc_ex.c **** 
 153:Drivers/STM32F0xx_HAL_Driver/Src/stm32f0xx_hal_adc_ex.c ****     /* Set ADC state */
 154:Drivers/STM32F0xx_HAL_Driver/Src/stm32f0xx_hal_adc_ex.c ****     ADC_STATE_CLR_SET(hadc->State,
 155              		.loc 1 154 5 view .LVU42
 156 008c A36B     		ldr	r3, [r4, #56]
 157 008e 0322     		movs	r2, #3
 158 0090 9343     		bics	r3, r2
 159 0092 023A     		subs	r2, r2, #2
 160 0094 1343     		orrs	r3, r2
 161 0096 A363     		str	r3, [r4, #56]
  97:Drivers/STM32F0xx_HAL_Driver/Src/stm32f0xx_hal_adc_ex.c ****   uint32_t tickstart = 0U;
 162              		.loc 1 97 21 is_stmt 0 view .LVU43
 163 0098 0020     		movs	r0, #0
 164              	.LVL6:
 165              	.L7:
 155:Drivers/STM32F0xx_HAL_Driver/Src/stm32f0xx_hal_adc_ex.c ****                       HAL_ADC_STATE_BUSY_INTERNAL,
 156:Drivers/STM32F0xx_HAL_Driver/Src/stm32f0xx_hal_adc_ex.c ****                       HAL_ADC_STATE_READY);
 157:Drivers/STM32F0xx_HAL_Driver/Src/stm32f0xx_hal_adc_ex.c ****   }
 158:Drivers/STM32F0xx_HAL_Driver/Src/stm32f0xx_hal_adc_ex.c ****   else
 159:Drivers/STM32F0xx_HAL_Driver/Src/stm32f0xx_hal_adc_ex.c ****   {
 160:Drivers/STM32F0xx_HAL_Driver/Src/stm32f0xx_hal_adc_ex.c ****     /* Update ADC state machine to error */
 161:Drivers/STM32F0xx_HAL_Driver/Src/stm32f0xx_hal_adc_ex.c ****     SET_BIT(hadc->State, HAL_ADC_STATE_ERROR_CONFIG);
 162:Drivers/STM32F0xx_HAL_Driver/Src/stm32f0xx_hal_adc_ex.c ****     
 163:Drivers/STM32F0xx_HAL_Driver/Src/stm32f0xx_hal_adc_ex.c ****     tmp_hal_status = HAL_ERROR;
 164:Drivers/STM32F0xx_HAL_Driver/Src/stm32f0xx_hal_adc_ex.c ****   }
 165:Drivers/STM32F0xx_HAL_Driver/Src/stm32f0xx_hal_adc_ex.c ****   
 166:Drivers/STM32F0xx_HAL_Driver/Src/stm32f0xx_hal_adc_ex.c ****   /* Process unlocked */
 167:Drivers/STM32F0xx_HAL_Driver/Src/stm32f0xx_hal_adc_ex.c ****   __HAL_UNLOCK(hadc);
 166              		.loc 1 167 3 is_stmt 1 view .LVU44
 167              		.loc 1 167 3 view .LVU45
 168 009a 3423     		movs	r3, #52
 169 009c 0022     		movs	r2, #0
 170 009e E254     		strb	r2, [r4, r3]
 171              		.loc 1 167 3 view .LVU46
 168:Drivers/STM32F0xx_HAL_Driver/Src/stm32f0xx_hal_adc_ex.c ****   
 169:Drivers/STM32F0xx_HAL_Driver/Src/stm32f0xx_hal_adc_ex.c ****   /* Return function status */
 170:Drivers/STM32F0xx_HAL_Driver/Src/stm32f0xx_hal_adc_ex.c ****   return tmp_hal_status;
 172              		.loc 1 170 3 view .LVU47
ARM GAS  /tmp/ccsL45zy.s 			page 7


 173              	.LVL7:
 174              	.L2:
 171:Drivers/STM32F0xx_HAL_Driver/Src/stm32f0xx_hal_adc_ex.c **** }
 175              		.loc 1 171 1 is_stmt 0 view .LVU48
 176              		@ sp needed
 177              	.LVL8:
 178              		.loc 1 171 1 view .LVU49
 179 00a0 70BD     		pop	{r4, r5, r6, pc}
 180              	.LVL9:
 181              	.L4:
 161:Drivers/STM32F0xx_HAL_Driver/Src/stm32f0xx_hal_adc_ex.c ****     
 182              		.loc 1 161 5 is_stmt 1 view .LVU50
 183 00a2 A36B     		ldr	r3, [r4, #56]
 184 00a4 2022     		movs	r2, #32
 185 00a6 1343     		orrs	r3, r2
 186 00a8 A363     		str	r3, [r4, #56]
 163:Drivers/STM32F0xx_HAL_Driver/Src/stm32f0xx_hal_adc_ex.c ****   }
 187              		.loc 1 163 5 view .LVU51
 188              	.LVL10:
 163:Drivers/STM32F0xx_HAL_Driver/Src/stm32f0xx_hal_adc_ex.c ****   }
 189              		.loc 1 163 20 is_stmt 0 view .LVU52
 190 00aa 0120     		movs	r0, #1
 191              	.LVL11:
 163:Drivers/STM32F0xx_HAL_Driver/Src/stm32f0xx_hal_adc_ex.c ****   }
 192              		.loc 1 163 20 view .LVU53
 193 00ac F5E7     		b	.L7
 194              	.LVL12:
 195              	.L8:
 105:Drivers/STM32F0xx_HAL_Driver/Src/stm32f0xx_hal_adc_ex.c ****   
 196              		.loc 1 105 3 discriminator 1 view .LVU54
 197 00ae 0220     		movs	r0, #2
 198              	.LVL13:
 105:Drivers/STM32F0xx_HAL_Driver/Src/stm32f0xx_hal_adc_ex.c ****   
 199              		.loc 1 105 3 discriminator 1 view .LVU55
 200 00b0 F6E7     		b	.L2
 201              	.L13:
 202 00b2 C046     		.align	2
 203              	.L12:
 204 00b4 FDFEFFFF 		.word	-259
 205              		.cfi_endproc
 206              	.LFE40:
 208              		.text
 209              	.Letext0:
 210              		.file 2 "/usr/arm-none-eabi/include/machine/_default_types.h"
 211              		.file 3 "/usr/arm-none-eabi/include/sys/_stdint.h"
 212              		.file 4 "Drivers/CMSIS/Device/ST/STM32F0xx/Include/stm32f030x8.h"
 213              		.file 5 "Drivers/CMSIS/Device/ST/STM32F0xx/Include/stm32f0xx.h"
 214              		.file 6 "Drivers/STM32F0xx_HAL_Driver/Inc/stm32f0xx_hal_def.h"
 215              		.file 7 "Drivers/STM32F0xx_HAL_Driver/Inc/stm32f0xx_hal_dma.h"
 216              		.file 8 "Drivers/STM32F0xx_HAL_Driver/Inc/stm32f0xx_hal_adc.h"
 217              		.file 9 "Drivers/STM32F0xx_HAL_Driver/Inc/stm32f0xx_hal.h"
ARM GAS  /tmp/ccsL45zy.s 			page 8


DEFINED SYMBOLS
                            *ABS*:00000000 stm32f0xx_hal_adc_ex.c
     /tmp/ccsL45zy.s:19     .text.HAL_ADCEx_Calibration_Start:00000000 $t
     /tmp/ccsL45zy.s:25     .text.HAL_ADCEx_Calibration_Start:00000000 HAL_ADCEx_Calibration_Start
     /tmp/ccsL45zy.s:204    .text.HAL_ADCEx_Calibration_Start:000000b4 $d

UNDEFINED SYMBOLS
HAL_GetTick
